04:56:56 
04:56:56 ============================================================
04:56:56 Project: SISR - Upscaler
04:56:56    Date: 2022-03-08 04:56:56
04:56:56 scale: 2
04:56:56 ----------------------------------------------------------
04:56:56 Time to upscale to Bi-Cubic = 0.002732
04:56:56 Time to upscale using CNN = 0.365536
04:57:09 
04:57:09 ============================================================
04:57:09 Project: SISR - Upscaler
04:57:09    Date: 2022-03-08 04:57:09
04:57:09 scale: 4
04:57:09 ----------------------------------------------------------
04:57:09 Time to upscale to Bi-Cubic = 0.010898
04:57:10 Time to upscale using CNN = 1.112017
05:02:38 
05:02:38 ============================================================
05:02:38 Project: SISR - Upscaler
05:02:38    Date: 2022-03-08 05:02:38
05:02:38 scale: 2
05:02:38 ----------------------------------------------------------
05:02:38 Time to upscale to Bi-Cubic = 0.000551
05:02:39 Time to upscale using CNN = 0.241910
05:21:46 
05:21:46 ============================================================
05:21:46 Project: SISR - Upscaler
05:21:46    Date: 2022-03-08 05:21:46
05:21:46 scale: 2
05:21:46 ----------------------------------------------------------
05:21:46 Time to upscale to Bi-Cubic = 0.002278
05:21:47 Time to upscale using CNN = 0.381158
05:27:07 
05:27:07 ============================================================
05:27:07 Project: SISR - Upscaler
05:27:07    Date: 2022-03-08 05:27:07
05:27:07 scale: 2
05:27:07 ----------------------------------------------------------
05:27:07 Time to upscale to Bi-Cubic = 0.002020
05:27:07 Time to upscale using CNN = 0.275995
05:27:34 
05:27:34 ============================================================
05:27:34 Project: SISR - Upscaler
05:27:34    Date: 2022-03-08 05:27:34
05:27:34 scale: 2
05:27:34 ----------------------------------------------------------
05:27:34 Time to upscale to Bi-Cubic = 0.002283
05:27:34 Time to upscale using CNN = 0.331804
05:27:57 
05:27:57 ============================================================
05:27:57 Project: SISR - Upscaler
05:27:57    Date: 2022-03-08 05:27:57
05:27:57 scale: 2
05:27:57 ----------------------------------------------------------
05:27:57 Time to upscale to Bi-Cubic = 0.000513
05:27:57 Time to upscale using CNN = 0.375181
05:29:34 
05:29:34 ============================================================
05:29:34 Project: SISR - Upscaler
05:29:34    Date: 2022-03-08 05:29:34
05:29:34 scale: 2
05:29:34 ----------------------------------------------------------
05:29:34 Time to upscale to Bi-Cubic = 0.002284
05:29:34 Time to upscale using CNN = 0.286676
05:29:46 
05:29:46 ============================================================
05:29:46 Project: SISR - Upscaler
05:29:46    Date: 2022-03-08 05:29:46
05:29:46 scale: 2
05:29:46 ----------------------------------------------------------
05:29:46 Time to upscale to Bi-Cubic = 0.001017
05:29:46 Time to upscale using CNN = 0.302197
05:30:50 
05:30:50 ============================================================
05:30:50 Project: SISR - Upscaler
05:30:50    Date: 2022-03-08 05:30:50
05:30:50 scale: 2
05:30:50 ----------------------------------------------------------
05:30:50 Time to upscale to Bi-Cubic = 0.003477
05:30:51 Time to upscale using CNN = 0.362001
05:31:07 
05:31:07 ============================================================
05:31:07 Project: SISR - Upscaler
05:31:07    Date: 2022-03-08 05:31:07
05:31:07 scale: 2
05:31:07 ----------------------------------------------------------
05:31:07 Time to upscale to Bi-Cubic = 0.000835
05:31:07 Time to upscale using CNN = 0.421957
05:31:55 
05:31:55 ============================================================
05:31:55 Project: SISR - Upscaler
05:31:55    Date: 2022-03-08 05:31:55
05:31:55 scale: 2
05:31:55 ----------------------------------------------------------
05:31:55 Time to upscale to Bi-Cubic = 0.002500
05:32:27 
05:32:27 ============================================================
05:32:27 Project: SISR - Upscaler
05:32:27    Date: 2022-03-08 05:32:27
05:32:27 scale: 2
05:32:27 ----------------------------------------------------------
05:32:27 Time to upscale to Bi-Cubic = 0.002968
05:32:28 Time to upscale using CNN = 0.355661
05:32:55 
05:32:55 ============================================================
05:32:55 Project: SISR - Upscaler
05:32:55    Date: 2022-03-08 05:32:55
05:32:55 scale: 2
05:32:55 ----------------------------------------------------------
05:32:55 Time to upscale to Bi-Cubic = 0.003225
05:33:25 
05:33:25 ============================================================
05:33:25 Project: SISR - Upscaler
05:33:25    Date: 2022-03-08 05:33:25
05:33:25 scale: 2
05:33:25 ----------------------------------------------------------
05:33:25 Time to upscale to Bi-Cubic = 0.002933
05:34:20 
05:34:20 ============================================================
05:34:20 Project: SISR - Upscaler
05:34:20    Date: 2022-03-08 05:34:20
05:34:20 scale: 2
05:34:20 ----------------------------------------------------------
05:34:20 Time to upscale to Bi-Cubic = 0.003091
05:34:20 Time to upscale using CNN = 0.311011
05:34:36 
05:34:36 ============================================================
05:34:36 Project: SISR - Upscaler
05:34:36    Date: 2022-03-08 05:34:36
05:34:36 scale: 2
05:34:36 ----------------------------------------------------------
05:34:36 Time to upscale to Bi-Cubic = 0.000864
05:34:37 Time to upscale using CNN = 0.257429
03:57:13 
03:57:13 ============================================================
03:57:13 Project: SISR - Upscaler
03:57:13    Date: 2022-03-09 03:57:13
03:57:13 scale: 2
03:57:13 ----------------------------------------------------------
03:57:13 Time to upscale to Bi-Cubic = 0.008279
03:57:14 Time to upscale using CNN = 0.511973
03:57:14      NearNeighour    Bi-Linear     Bi-Cubic  Reconstruct   Difference
03:57:14 MSE      0.001499     0.001255     0.000875     0.000581    -0.000293
03:57:14 PSNR    28.241176    29.012952    30.580615    32.354982     1.774367
03:57:14 SSIM     0.919538     0.911790     0.928197     0.940747     0.012550
04:00:42 
04:00:42 ============================================================
04:00:42 Project: SISR - Upscaler
04:00:42    Date: 2022-03-09 04:00:42
04:00:42 scale: 4
04:00:42 ----------------------------------------------------------
04:00:42 Time to upscale to Bi-Cubic = 0.019500
04:00:42 Time to upscale using CNN = 0.328940
04:00:42      NearNeighour    Bi-Linear     Bi-Cubic  Reconstruct   Difference
04:00:42 MSE      0.004237     0.003507     0.002883     0.001973    -0.000910
04:00:42 PSNR    23.729514    24.550219    25.401259    27.049190     1.647931
04:00:42 SSIM     0.820447     0.821840     0.834823     0.866009     0.031186
04:09:34 
04:09:34 ============================================================
04:09:34 Project: SISR - Upscaler
04:09:34    Date: 2022-03-09 04:09:34
04:09:34 scale: 4
04:09:34 ----------------------------------------------------------
04:09:34 Time to upscale to Bi-Cubic = 0.017240
04:09:35 Time to upscale using CNN = 0.315418
04:09:35      NearNeighour    Bi-Linear     Bi-Cubic  Reconstruct   Difference
04:09:35 MSE      0.004237     0.003507     0.002883     0.001973    -0.000910
04:09:35 PSNR    23.729514    24.550219    25.401259    27.049190     1.647931
04:09:35 SSIM     0.820447     0.821840     0.834823     0.866009     0.031186
04:12:32 
04:12:32 ============================================================
04:12:32 Project: SISR - Upscaler
04:12:32    Date: 2022-03-09 04:12:32
04:12:32 scale: 4
04:12:32 ----------------------------------------------------------
04:12:32 Time to upscale to Bi-Cubic = 0.017920
04:12:32 Time to upscale using CNN = 0.222970
04:12:32      NearNeighour    Bi-Linear     Bi-Cubic  Reconstruct   Difference
04:12:32 MSE      0.004237     0.003507     0.002883     0.001973    -0.000910
04:12:32 PSNR    23.729514    24.550219    25.401259    27.049190     1.647931
04:12:32 SSIM     0.820447     0.821840     0.834823     0.866009     0.031186
04:24:05 
04:24:05 ============================================================
04:24:05 Project: SISR - Upscaler
04:24:05    Date: 2022-03-09 04:24:05
04:24:05 scale: 4
04:24:05 ----------------------------------------------------------
04:24:05 Time to upscale to Bi-Cubic = 0.029050
04:24:06 Time to upscale using CNN = 0.374135
04:24:06      NearNeighour    Bi-Linear     Bi-Cubic  Reconstruct   Difference
04:24:06 MSE      0.004237     0.003507     0.002883     0.001973    -0.000910
04:24:06 PSNR    23.729514    24.550219    25.401259    27.049190     1.647931
04:24:06 SSIM     0.820447     0.821840     0.834823     0.866009     0.031186
14:31:42 
14:31:42 ============================================================
14:31:42 Project: SISR - Upscaler
14:31:42    Date: 2022-03-09 14:31:42
14:31:42 scale: 4
14:31:42 ----------------------------------------------------------
14:31:43 Time to upscale to Bi-Cubic = 0.027026
14:31:43 Time to upscale using CNN = 0.584779
14:31:43      NearNeighour    Bi-Linear     Bi-Cubic  Reconstruct   Difference
14:31:43 MSE      0.004237     0.003507     0.002883     0.001973    -0.000910
14:31:43 PSNR    23.729514    24.550219    25.401259    27.049190     1.647931
14:31:43 SSIM     0.820447     0.821840     0.834823     0.866009     0.031186
14:35:11 
14:35:11 ============================================================
14:35:11 Project: SISR - Upscaler
14:35:11    Date: 2022-03-09 14:35:11
14:35:11 scale: 4
14:35:11 ----------------------------------------------------------
14:35:11 Time to upscale to Bi-Cubic = 0.034844
14:35:12 Time to upscale using CNN = 0.327637
14:35:12      NearNeighour    Bi-Linear     Bi-Cubic  Reconstruct   Difference
14:35:12 MSE      0.004237     0.003507     0.002883     0.001973    -0.000910
14:35:12 PSNR    23.729514    24.550219    25.401259    27.049190     1.647931
14:35:12 SSIM     0.820447     0.821840     0.834823     0.866009     0.031186
02:48:32 
02:48:32 ============================================================
02:48:32 Project: SISR - Upscaler
02:48:32    Date: 2022-03-14 02:48:32
02:48:32 scale: 4
02:48:32 ----------------------------------------------------------
02:48:33 Time to upscale to Bi-Cubic = 0.036067
02:48:33 Time to upscale using CNN = 0.575116
02:48:33      NearNeighour    Bi-Linear     Bi-Cubic  Reconstruct   Difference
02:48:33 MSE      0.004237     0.003507     0.002883     0.001973    -0.000910
02:48:33 PSNR    23.729514    24.550219    25.401259    27.049190     1.647931
02:48:33 SSIM     0.820447     0.821840     0.834823     0.866009     0.031186
03:00:21 
03:00:21 ============================================================
03:00:21 Project: SISR - Upscaler
03:00:21    Date: 2022-03-14 03:00:21
03:00:21 scale: 4
03:00:21 ----------------------------------------------------------
03:00:21 Time to upscale to Bi-Cubic = 0.024837
03:00:22 Time to upscale using CNN = 0.583946
03:00:22      NearNeighour    Bi-Linear     Bi-Cubic  Reconstruct   Difference
03:00:22 MSE      0.004237     0.003507     0.002883     0.001973    -0.000910
03:00:22 PSNR    23.729514    24.550219    25.401259    27.049190     1.647931
03:00:22 SSIM     0.820447     0.821840     0.834823     0.866009     0.031186
03:01:21 
03:01:21 ============================================================
03:01:21 Project: SISR - Upscaler
03:01:21    Date: 2022-03-14 03:01:21
03:01:21 scale: 4
03:01:21 ----------------------------------------------------------
03:01:21 Time to upscale to Bi-Cubic = 0.033150
03:01:22 Time to upscale using CNN = 0.312739
03:01:22      NearNeighour    Bi-Linear     Bi-Cubic  Reconstruct   Difference
03:01:22 MSE      0.004237     0.003507     0.002883     0.001973    -0.000910
03:01:22 PSNR    23.729514    24.550219    25.401259    27.049190     1.647931
03:01:22 SSIM     0.820447     0.821840     0.834823     0.866009     0.031186
03:13:52 
03:13:52 ============================================================
03:13:52 Project: SISR - Upscaler
03:13:52    Date: 2022-03-14 03:13:52
03:13:52 scale: 2
03:13:52 ----------------------------------------------------------
03:13:52 Time to upscale to Bi-Cubic = 0.027246
03:13:52 Time to upscale using CNN = 0.450742
03:13:53      NearNeighour    Bi-Linear     Bi-Cubic  Reconstruct   Difference
03:13:53 MSE      0.001499     0.001255     0.000875     0.000581    -0.000293
03:13:53 PSNR    28.241176    29.012952    30.580615    32.354982     1.774367
03:13:53 SSIM     0.919538     0.911790     0.928197     0.940747     0.012550
04:43:04 
04:43:04 ============================================================
04:43:04 Project: SISR - Upscaler
04:43:04    Date: 2022-03-14 04:43:04
04:43:04 scale: 4
04:43:04 ----------------------------------------------------------
04:43:04 Time to upscale to Bi-Cubic = 0.031991
04:43:05 Time to upscale using CNN = 0.433979
04:43:05      NearNeighour    Bi-Linear     Bi-Cubic  Reconstruct   Difference
04:43:05 MSE      0.004237     0.003507     0.002883     0.001973    -0.000910
04:43:05 PSNR    23.729514    24.550219    25.401259    27.049190     1.647931
04:43:05 SSIM     0.820447     0.821840     0.834823     0.866009     0.031186
04:45:54 
04:45:54 ============================================================
04:45:54 Project: SISR - Upscaler
04:45:54    Date: 2022-03-14 04:45:54
04:45:54 scale: 4
04:45:54 ----------------------------------------------------------
04:45:54 Time to upscale to Bi-Cubic = 0.030683
04:45:54 Time to upscale using CNN = 0.476366
04:45:54      NearNeighour    Bi-Linear     Bi-Cubic  Reconstruct   Difference
04:45:54 MSE      0.004237     0.003507     0.002883     0.001973    -0.000910
04:45:54 PSNR    23.729514    24.550219    25.401259    27.049190     1.647931
04:45:54 SSIM     0.820447     0.821840     0.834823     0.866009     0.031186
04:54:57 
04:54:57 ============================================================
04:54:57 Project: SISR - Upscaler
04:54:57    Date: 2022-03-14 04:54:57
04:54:57 scale: 4
04:54:57 ----------------------------------------------------------
04:54:57 Time to upscale to Bi-Cubic = 0.029046
04:54:57 Time to upscale using CNN = 0.491386
04:54:58      NearNeighour    Bi-Linear     Bi-Cubic  Reconstruct   Difference
04:54:58 MSE      0.004237     0.003507     0.002883     0.001973    -0.000910
04:54:58 PSNR    23.729514    24.550219    25.401259    27.049190     1.647931
04:54:58 SSIM     0.820447     0.821840     0.834823     0.866009     0.031186
06:25:00 
06:25:00 ============================================================
06:25:00 Project: SISR - Upscaler
06:25:00    Date: 2022-03-14 06:25:00
06:25:00 scale: 4
06:25:00 ----------------------------------------------------------
06:25:00 Time to upscale to Bi-Cubic = 0.035546
06:25:00 Time to upscale using CNN = 0.379694
06:25:01      NearNeighour    Bi-Linear     Bi-Cubic  Reconstruct   Difference
06:25:01 MSE      0.004237     0.003507     0.002883     0.001973    -0.000910
06:25:01 PSNR    23.729514    24.550219    25.401259    27.049190     1.647931
06:25:01 SSIM     0.820447     0.821840     0.834823     0.866009     0.031186
06:26:14 
06:26:14 ============================================================
06:26:14 Project: SISR - Upscaler
06:26:14    Date: 2022-03-14 06:26:14
06:26:14 scale: 4
06:26:14 ----------------------------------------------------------
06:26:14 Time to upscale to Bi-Cubic = 0.028481
06:26:15 Time to upscale using CNN = 0.442481
06:26:15      NearNeighour    Bi-Linear     Bi-Cubic  Reconstruct   Difference
06:26:15 MSE      0.004237     0.003507     0.002883     0.001973    -0.000910
06:26:15 PSNR    23.729514    24.550219    25.401259    27.049190     1.647931
06:26:15 SSIM     0.820447     0.821840     0.834823     0.866009     0.031186
06:29:47 
06:29:47 ============================================================
06:29:47 Project: SISR - Upscaler
06:29:47    Date: 2022-03-14 06:29:47
06:29:47 scale: 4
06:29:47 ----------------------------------------------------------
06:29:47 Time to upscale to Bi-Cubic = 0.030278
06:29:48 Time to upscale using CNN = 0.416710
06:29:48      NearNeighour    Bi-Linear     Bi-Cubic  Reconstruct   Difference
06:29:48 MSE      0.004237     0.003507     0.002883     0.001973    -0.000910
06:29:48 PSNR    23.729514    24.550219    25.401259    27.049190     1.647931
06:29:48 SSIM     0.820447     0.821840     0.834823     0.866009     0.031186
06:36:15 
06:36:15 ============================================================
06:36:15 Project: SISR - Upscaler
06:36:15    Date: 2022-03-14 06:36:15
06:36:15 scale: 4
06:36:15 ----------------------------------------------------------
06:36:15 Time to upscale to Bi-Cubic = 0.034143
06:36:16 Time to upscale using CNN = 0.418731
06:36:16      NearNeighour    Bi-Linear     Bi-Cubic  Reconstruct   Difference
06:36:16 MSE      0.004237     0.003507     0.002883     0.001973    -0.000910
06:36:16 PSNR    23.729514    24.550219    25.401259    27.049190     1.647931
06:36:16 SSIM     0.820447     0.821840     0.834823     0.866009     0.031186
06:37:47 
06:37:47 ============================================================
06:37:47 Project: SISR - Upscaler
06:37:47    Date: 2022-03-14 06:37:47
06:37:47 scale: 4
06:37:47 ----------------------------------------------------------
06:37:47 Time to upscale to Bi-Cubic = 0.035009
06:37:48 Time to upscale using CNN = 0.396233
06:37:48      NearNeighour    Bi-Linear     Bi-Cubic  Reconstruct   Difference
06:37:48 MSE      0.004237     0.003507     0.002883     0.001973    -0.000910
06:37:48 PSNR    23.729514    24.550219    25.401259    27.049190     1.647931
06:37:48 SSIM     0.820447     0.821840     0.834823     0.866009     0.031186
06:38:35 
06:38:35 ============================================================
06:38:35 Project: SISR - Upscaler
06:38:35    Date: 2022-03-14 06:38:35
06:38:35 scale: 4
06:38:35 ----------------------------------------------------------
06:38:35 Time to upscale to Bi-Cubic = 0.026577
06:38:36 Time to upscale using CNN = 0.252740
06:38:36      NearNeighour    Bi-Linear     Bi-Cubic  Reconstruct   Difference
06:38:36 MSE      0.004237     0.003507     0.002883     0.001973    -0.000910
06:38:36 PSNR    23.729514    24.550219    25.401259    27.049190     1.647931
06:38:36 SSIM     0.820447     0.821840     0.834823     0.866009     0.031186
06:40:08 
06:40:08 ============================================================
06:40:08 Project: SISR - Upscaler
06:40:08    Date: 2022-03-14 06:40:08
06:40:08 scale: 4
06:40:08 ----------------------------------------------------------
06:40:08 Time to upscale to Bi-Cubic = 0.033545
06:40:09 Time to upscale using CNN = 0.516811
06:40:09      NearNeighour    Bi-Linear     Bi-Cubic  Reconstruct   Difference
06:40:09 MSE      0.004237     0.003507     0.002883     0.001973    -0.000910
06:40:09 PSNR    23.729514    24.550219    25.401259    27.049190     1.647931
06:40:09 SSIM     0.820447     0.821840     0.834823     0.866009     0.031186
06:42:33 
06:42:33 ============================================================
06:42:33 Project: SISR - Upscaler
06:42:33    Date: 2022-03-14 06:42:33
06:42:33 scale: 4
06:42:34 ----------------------------------------------------------
06:42:34 Time to upscale to Bi-Cubic = 0.034076
06:42:34 Time to upscale using CNN = 0.451713
06:42:34      NearNeighour    Bi-Linear     Bi-Cubic  Reconstruct   Difference
06:42:34 MSE      0.004237     0.003507     0.002883     0.001973    -0.000910
06:42:34 PSNR    23.729514    24.550219    25.401259    27.049190     1.647931
06:42:34 SSIM     0.820447     0.821840     0.834823     0.866009     0.031186
06:43:33 
06:43:33 ============================================================
06:43:33 Project: SISR - Upscaler
06:43:33    Date: 2022-03-14 06:43:33
06:43:33 scale: 4
06:43:33 ----------------------------------------------------------
06:43:33 Time to upscale to Bi-Cubic = 0.029133
06:43:34 Time to upscale using CNN = 0.472281
06:43:34      NearNeighour    Bi-Linear     Bi-Cubic  Reconstruct   Difference
06:43:34 MSE      0.004237     0.003507     0.002883     0.001973    -0.000910
06:43:34 PSNR    23.729514    24.550219    25.401259    27.049190     1.647931
06:43:34 SSIM     0.820447     0.821840     0.834823     0.866009     0.031186
06:44:10 
06:44:10 ============================================================
06:44:10 Project: SISR - Upscaler
06:44:10    Date: 2022-03-14 06:44:10
06:44:10 scale: 4
06:44:10 ----------------------------------------------------------
06:44:10 Time to upscale to Bi-Cubic = 0.043506
06:44:11 Time to upscale using CNN = 0.455690
06:44:11      NearNeighour    Bi-Linear     Bi-Cubic  Reconstruct   Difference
06:44:11 MSE      0.004237     0.003507     0.002883     0.001973    -0.000910
06:44:11 PSNR    23.729514    24.550219    25.401259    27.049190     1.647931
06:44:11 SSIM     0.820447     0.821840     0.834823     0.866009     0.031186
06:45:33 
06:45:33 ============================================================
06:45:33 Project: SISR - Upscaler
06:45:33    Date: 2022-03-14 06:45:33
06:45:33 scale: 4
06:45:33 ----------------------------------------------------------
06:45:33 Time to upscale to Bi-Cubic = 0.039034
06:45:34 Time to upscale using CNN = 0.418740
06:45:34      NearNeighour    Bi-Linear     Bi-Cubic  Reconstruct   Difference
06:45:34 MSE      0.004237     0.003507     0.002883     0.001973    -0.000910
06:45:34 PSNR    23.729514    24.550219    25.401259    27.049190     1.647931
06:45:34 SSIM     0.820447     0.821840     0.834823     0.866009     0.031186
06:51:04 
06:51:04 ============================================================
06:51:04 Project: SISR - Upscaler
06:51:04    Date: 2022-03-14 06:51:04
06:51:04 scale: 4
06:51:04 ----------------------------------------------------------
06:51:04 Time to upscale to Bi-Cubic = 0.031072
06:51:05 Time to upscale using CNN = 0.552781
06:51:05      NearNeighour    Bi-Linear     Bi-Cubic  Reconstruct   Difference
06:51:05 MSE      0.004237     0.003507     0.002883     0.001973    -0.000910
06:51:05 PSNR    23.729514    24.550219    25.401259    27.049190     1.647931
06:51:05 SSIM     0.820447     0.821840     0.834823     0.866009     0.031186
06:52:13 
06:52:13 ============================================================
06:52:13 Project: SISR - Upscaler
06:52:13    Date: 2022-03-14 06:52:13
06:52:13 scale: 4
06:52:13 ----------------------------------------------------------
06:52:13 Time to upscale to Bi-Cubic = 0.037494
06:52:14 Time to upscale using CNN = 0.416354
06:52:14      NearNeighour    Bi-Linear     Bi-Cubic  Reconstruct   Difference
06:52:14 MSE      0.004237     0.003507     0.002883     0.001973    -0.000910
06:52:14 PSNR    23.729514    24.550219    25.401259    27.049190     1.647931
06:52:14 SSIM     0.820447     0.821840     0.834823     0.866009     0.031186
06:54:16 
06:54:16 ============================================================
06:54:16 Project: SISR - Upscaler
06:54:16    Date: 2022-03-14 06:54:16
06:54:16 scale: 4
06:54:16 ----------------------------------------------------------
06:54:16 Time to upscale to Bi-Cubic = 0.042747
06:54:16 Time to upscale using CNN = 0.505361
06:54:16      NearNeighour    Bi-Linear     Bi-Cubic  Reconstruct   Difference
06:54:16 MSE      0.004237     0.003507     0.002883     0.001973    -0.000910
06:54:16 PSNR    23.729514    24.550219    25.401259    27.049190     1.647931
06:54:16 SSIM     0.820447     0.821840     0.834823     0.866009     0.031186
07:01:23 
07:01:23 ============================================================
07:01:23 Project: SISR - Upscaler
07:01:23    Date: 2022-03-14 07:01:23
07:01:23 scale: 4
07:01:23 ----------------------------------------------------------
07:01:23 Time to upscale to Bi-Cubic = 0.039483
07:01:24 Time to upscale using CNN = 0.440767
07:01:24      NearNeighour    Bi-Linear     Bi-Cubic  Reconstruct   Difference
07:01:24 MSE      0.004237     0.003507     0.002883     0.001973    -0.000910
07:01:24 PSNR    23.729514    24.550219    25.401259    27.049190     1.647931
07:01:24 SSIM     0.820447     0.821840     0.834823     0.866009     0.031186
07:12:43 
07:12:43 ============================================================
07:12:43 Project: SISR - Upscaler
07:12:43    Date: 2022-03-14 07:12:43
07:12:43 scale: 4
07:12:43 ----------------------------------------------------------
07:12:43 Time to upscale to Bi-Cubic = 0.031334
07:12:43 Time to upscale using CNN = 0.405435
07:12:44      NearNeighour    Bi-Linear     Bi-Cubic  Reconstruct   Difference
07:12:44 MSE      0.004237     0.003507     0.002883     0.001973    -0.000910
07:12:44 PSNR    23.729514    24.550219    25.401259    27.049190     1.647931
07:12:44 SSIM     0.820447     0.821840     0.834823     0.866009     0.031186
07:13:53 
07:13:53 ============================================================
07:13:53 Project: SISR - Upscaler
07:13:53    Date: 2022-03-14 07:13:53
07:13:53 scale: 4
07:13:53 ----------------------------------------------------------
07:13:53 Time to upscale to Bi-Cubic = 0.033938
07:13:54 Time to upscale using CNN = 0.310844
07:13:54      NearNeighour    Bi-Linear     Bi-Cubic  Reconstruct   Difference
07:13:54 MSE      0.004237     0.003507     0.002883     0.001973    -0.000910
07:13:54 PSNR    23.729514    24.550219    25.401259    27.049190     1.647931
07:13:54 SSIM     0.820447     0.821840     0.834823     0.866009     0.031186
07:15:22 
07:15:22 ============================================================
07:15:22 Project: SISR - Upscaler
07:15:22    Date: 2022-03-14 07:15:22
07:15:22 scale: 4
07:15:22 ----------------------------------------------------------
07:15:22 Time to upscale to Bi-Cubic = 0.031242
07:15:23 Time to upscale using CNN = 0.296650
07:15:23      NearNeighour    Bi-Linear     Bi-Cubic  Reconstruct   Difference
07:15:23 MSE      0.004237     0.003507     0.002883     0.001973    -0.000910
07:15:23 PSNR    23.729514    24.550219    25.401259    27.049190     1.647931
07:15:23 SSIM     0.820447     0.821840     0.834823     0.866009     0.031186
07:36:22 
07:36:22 ============================================================
07:36:22 Project: SISR - Upscaler
07:36:22    Date: 2022-03-14 07:36:22
07:36:22 scale: 4
07:36:22 ----------------------------------------------------------
07:36:22 Time to upscale to Bi-Cubic = 0.029853
07:36:23 Time to upscale using CNN = 0.320515
07:36:23      NearNeighour    Bi-Linear     Bi-Cubic  Reconstruct   Difference
07:36:23 MSE      0.004237     0.003507     0.002883     0.001973    -0.000910
07:36:23 PSNR    23.729514    24.550219    25.401259    27.049190     1.647931
07:36:23 SSIM     0.820447     0.821840     0.834823     0.866009     0.031186
07:42:06 
07:42:06 ============================================================
07:42:06 Project: SISR - Upscaler
07:42:06    Date: 2022-03-14 07:42:06
07:42:06 scale: 4
07:42:06 ----------------------------------------------------------
07:42:06 Time to upscale to Bi-Cubic = 0.033758
07:42:07 Time to upscale using CNN = 0.334094
07:42:07      NearNeighour    Bi-Linear     Bi-Cubic  Reconstruct   Difference
07:42:07 MSE      0.004237     0.003507     0.002883     0.001973    -0.000910
07:42:07 PSNR    23.729514    24.550219    25.401259    27.049190     1.647931
07:42:07 SSIM     0.820447     0.821840     0.834823     0.866009     0.031186
07:43:38 
07:43:38 ============================================================
07:43:38 Project: SISR - Upscaler
07:43:38    Date: 2022-03-14 07:43:38
07:43:38 scale: 4
07:43:38 ----------------------------------------------------------
07:43:38 Time to upscale to Bi-Cubic = 0.032427
07:43:38 Time to upscale using CNN = 0.368622
07:43:38      NearNeighour    Bi-Linear     Bi-Cubic  Reconstruct   Difference
07:43:38 MSE      0.004237     0.003507     0.002883     0.001973    -0.000910
07:43:38 PSNR    23.729514    24.550219    25.401259    27.049190     1.647931
07:43:38 SSIM     0.820447     0.821840     0.834823     0.866009     0.031186
07:52:37 
07:52:37 ============================================================
07:52:37 Project: SISR - Upscaler
07:52:37    Date: 2022-03-14 07:52:37
07:52:37 scale: 4
07:52:37 ----------------------------------------------------------
07:52:37 Time to upscale to Bi-Cubic = 0.031075
07:52:37 Time to upscale using CNN = 0.369979
07:52:37      NearNeighour    Bi-Linear     Bi-Cubic  Reconstruct   Difference
07:52:37 MSE      0.004237     0.003507     0.002883     0.001973    -0.000910
07:52:37 PSNR    23.729514    24.550219    25.401259    27.049190     1.647931
07:52:37 SSIM     0.820447     0.821840     0.834823     0.866009     0.031186
07:54:47 
07:54:47 ============================================================
07:54:47 Project: SISR - Upscaler
07:54:47    Date: 2022-03-14 07:54:47
07:54:47 scale: 4
07:54:47 ----------------------------------------------------------
07:54:47 Time to upscale to Bi-Cubic = 0.030940
07:54:47 Time to upscale using CNN = 0.370281
07:54:47      NearNeighour    Bi-Linear     Bi-Cubic  Reconstruct   Difference
07:54:47 MSE      0.004237     0.003507     0.002883     0.001973    -0.000910
07:54:47 PSNR    23.729514    24.550219    25.401259    27.049190     1.647931
07:54:47 SSIM     0.820447     0.821840     0.834823     0.866009     0.031186
08:02:05 
08:02:05 ============================================================
08:02:05 Project: SISR - Upscaler
08:02:05    Date: 2022-03-14 08:02:05
08:02:05 scale: 4
08:02:05 ----------------------------------------------------------
08:02:05 Time to upscale to Bi-Cubic = 0.033872
08:02:06 Time to upscale using CNN = 0.350214
08:02:06      NearNeighour    Bi-Linear     Bi-Cubic  Reconstruct   Difference
08:02:06 MSE      0.004237     0.003507     0.002883     0.001973    -0.000910
08:02:06 PSNR    23.729514    24.550219    25.401259    27.049190     1.647931
08:02:06 SSIM     0.820447     0.821840     0.834823     0.866009     0.031186
08:04:33 
08:04:33 ============================================================
08:04:33 Project: SISR - Upscaler
08:04:33    Date: 2022-03-14 08:04:33
08:04:33 scale: 4
08:04:33 ----------------------------------------------------------
08:04:33 Time to upscale to Bi-Cubic = 0.037983
08:04:34 Time to upscale using CNN = 0.358099
08:04:34      NearNeighour    Bi-Linear     Bi-Cubic  Reconstruct   Difference
08:04:34 MSE      0.004237     0.003507     0.002883     0.001973    -0.000910
08:04:34 PSNR    23.729514    24.550219    25.401259    27.049190     1.647931
08:04:34 SSIM     0.820447     0.821840     0.834823     0.866009     0.031186
08:05:46 
08:05:46 ============================================================
08:05:46 Project: SISR - Upscaler
08:05:46    Date: 2022-03-14 08:05:46
08:05:46 scale: 4
08:05:46 ----------------------------------------------------------
08:05:46 Time to upscale to Bi-Cubic = 0.033885
08:05:46 Time to upscale using CNN = 0.364849
08:05:46      NearNeighour    Bi-Linear     Bi-Cubic  Reconstruct   Difference
08:05:46 MSE      0.004237     0.003507     0.002883     0.001973    -0.000910
08:05:46 PSNR    23.729514    24.550219    25.401259    27.049190     1.647931
08:05:46 SSIM     0.820447     0.821840     0.834823     0.866009     0.031186
02:56:55 
02:56:55 ============================================================
02:56:55 Project: SISR - Upscaler
02:56:55    Date: 2022-03-29 02:56:55
02:56:55 scale: 4
02:56:55 ----------------------------------------------------------
02:56:55 Time to upscale to Bi-Cubic = 0.064689
02:57:01 Time to upscale using CNN = 5.051330
02:57:01      NearNeighour    Bi-Linear     Bi-Cubic  Reconstruct   Difference
02:57:01 MSE      0.001902     0.001480     0.001123     0.000916    -0.000207
02:57:01 PSNR    27.207290    28.296446    29.495695    30.382230     0.886535
02:57:01 SSIM     0.883620     0.886049     0.897107     0.907179     0.010072
02:57:14 
02:57:14 ============================================================
02:57:14 Project: SISR - Upscaler
02:57:14    Date: 2022-03-29 02:57:14
02:57:14 scale: 4
02:57:14 ----------------------------------------------------------
02:57:14 
02:57:14 ============================================================
02:57:14 Project: SISR - Upscaler
02:57:14    Date: 2022-03-29 02:57:14
02:57:14 scale: 4
02:57:14 
02:57:14 ----------------------------------------------------------
02:57:14 ============================================================
02:57:14 Project: SISR - Upscaler
02:57:14    Date: 2022-03-29 02:57:14
02:57:14 scale: 4
02:57:14 ----------------------------------------------------------
02:57:14 
02:57:14 ============================================================
02:57:14 Project: SISR - Upscaler
02:57:14    Date: 2022-03-29 02:57:14
02:57:14 scale: 4
02:57:14 ----------------------------------------------------------
02:57:14 Time to upscale to Bi-Cubic = 0.049639
02:57:14 Time to upscale to Bi-Cubic = 0.026875
02:57:14 Time to upscale to Bi-Cubic = 0.028557
02:57:14 Time to upscale to Bi-Cubic = 0.032079
02:57:15 Time to upscale using CNN = 0.617280
02:57:15 Time to upscale using CNN = 0.560745
02:57:15      NearNeighour    Bi-Linear     Bi-Cubic  Reconstruct   Difference
02:57:15 MSE      0.000967     0.000763     0.000635     0.001364     0.000729
02:57:15 PSNR    30.144437    31.173045    31.972258    28.650678    -3.321580
02:57:15 SSIM     0.896412     0.901557     0.909257     0.853625    -0.055633
02:57:15      NearNeighour    Bi-Linear     Bi-Cubic  Reconstruct   Difference
02:57:15 MSE      0.004237     0.003507     0.002883     0.001973    -0.000910
02:57:15 PSNR    23.729514    24.550219    25.401259    27.049191     1.647932
02:57:15 SSIM     0.820447     0.821840     0.834823     0.866009     0.031186
02:57:15 Time to upscale using CNN = 0.639527
02:57:15 Time to upscale using CNN = 0.697385
02:57:15      NearNeighour    Bi-Linear     Bi-Cubic  Reconstruct   Difference
02:57:15 MSE      0.004237     0.003507     0.002883     0.001973    -0.000910
02:57:15 PSNR    23.729514    24.550219    25.401259    27.049191     1.647932
02:57:15 SSIM     0.820447     0.821840     0.834823     0.866009     0.031186
02:57:15      NearNeighour    Bi-Linear     Bi-Cubic  Reconstruct   Difference
02:57:15 MSE      0.004237     0.003507     0.002883     0.001973    -0.000910
02:57:15 PSNR    23.729514    24.550219    25.401259    27.049191     1.647932
02:57:15 SSIM     0.820447     0.821840     0.834823     0.866009     0.031186
02:57:29 
02:57:29 ============================================================
02:57:29 Project: SISR - Upscaler
02:57:29    Date: 2022-03-29 02:57:29
02:57:29 scale: 4
02:57:29 ----------------------------------------------------------
02:57:29 
02:57:29 ============================================================
02:57:29 Project: SISR - Upscaler
02:57:29    Date: 2022-03-29 02:57:29
02:57:29 
02:57:29 ============================================================
02:57:29 scale: 4
02:57:29 Project: SISR - Upscaler
02:57:29    Date: 2022-03-29 02:57:29
02:57:29 scale: 4
02:57:29 ----------------------------------------------------------
02:57:29 ----------------------------------------------------------
02:57:29 
02:57:29 ============================================================
02:57:29 Project: SISR - Upscaler
02:57:29    Date: 2022-03-29 02:57:29
02:57:29 scale: 4
02:57:29 ----------------------------------------------------------
02:57:29 Time to upscale to Bi-Cubic = 0.037012
02:57:29 Time to upscale to Bi-Cubic = 0.024154
02:57:29 Time to upscale to Bi-Cubic = 0.023468
02:57:29 Time to upscale to Bi-Cubic = 0.045102
02:57:30 Time to upscale using CNN = 0.458174
02:57:30 Time to upscale using CNN = 0.412613
02:57:30 Time to upscale using CNN = 0.450465
02:57:30 Time to upscale using CNN = 0.417945
02:57:30      NearNeighour    Bi-Linear     Bi-Cubic  Reconstruct   Difference
02:57:30      NearNeighour    Bi-Linear     Bi-Cubic  Reconstruct   Difference
02:57:30 MSE      0.000841     0.000669     0.000560     0.001249     0.000688
02:57:30 PSNR    30.752828    31.742798    32.514347    29.034589    -3.479757
02:57:30 SSIM     0.901627     0.907773     0.914913     0.852522    -0.062392
02:57:30 MSE      0.000967     0.000763     0.000635     0.001364     0.000729
02:57:30      NearNeighour    Bi-Linear     Bi-Cubic  Reconstruct   Difference
02:57:30 MSE      0.001059     0.000849     0.000715     0.001475     0.000760
02:57:30 PSNR    30.144437    31.173045    31.972258    28.650678    -3.321580
02:57:30 PSNR    29.751167    30.712788    31.456503    28.313098    -3.143405
02:57:30 SSIM     0.896412     0.901557     0.909257     0.853625    -0.055633
02:57:30 SSIM     0.887465     0.891997     0.899576     0.845556    -0.054020
02:57:30      NearNeighour    Bi-Linear     Bi-Cubic  Reconstruct   Difference
02:57:30 MSE      0.000974     0.000786     0.000663     0.001407     0.000744
02:57:30 PSNR    30.116220    31.043573    31.784068    28.517907    -3.266161
02:57:30 SSIM     0.891501     0.896481     0.904020     0.847005    -0.057015
02:57:30 
02:57:30 ============================================================
02:57:30 Project: SISR - Upscaler
02:57:30    Date: 2022-03-29 02:57:30
02:57:30 scale: 4
02:57:30 ----------------------------------------------------------
02:57:30 Time to upscale to Bi-Cubic = 0.019894
02:57:30 Time to upscale using CNN = 0.091184
02:57:30      NearNeighour    Bi-Linear     Bi-Cubic  Reconstruct   Difference
02:57:30 MSE      0.001043     0.000824     0.000685     0.001517     0.000831
02:57:30 PSNR    29.817102    30.840111    31.642606    28.191537    -3.451069
02:57:30 SSIM     0.888233     0.894440     0.902158     0.845568    -0.056590
02:58:49 
02:58:49 ============================================================
02:58:49 Project: SISR - Upscaler
02:58:49    Date: 2022-03-29 02:58:49
02:58:49 scale: 4
02:58:49 ----------------------------------------------------------
02:58:49 
02:58:49 ============================================================
02:58:49 Project: SISR - Upscaler
02:58:49    Date: 2022-03-29 02:58:49
02:58:49 scale: 4
02:58:49 ----------------------------------------------------------
02:58:49 
02:58:49 ============================================================
02:58:49 Project: SISR - Upscaler
02:58:49    Date: 2022-03-29 02:58:49
02:58:49 scale: 4
02:58:49 Time to upscale to Bi-Cubic = 0.018485
02:58:49 ----------------------------------------------------------
02:58:49 
02:58:49 ============================================================
02:58:49 Project: SISR - Upscaler
02:58:49    Date: 2022-03-29 02:58:49
02:58:49 scale: 4
02:58:49 ----------------------------------------------------------
02:58:49 Time to upscale to Bi-Cubic = 0.022640
02:58:49 Time to upscale to Bi-Cubic = 0.021621
02:58:49 Time to upscale to Bi-Cubic = 0.021595
02:58:50 Time to upscale using CNN = 0.471362
02:58:50      NearNeighour    Bi-Linear     Bi-Cubic  Reconstruct   Difference
02:58:50 MSE      0.001059     0.000849     0.000715     0.001475     0.000760
02:58:50 PSNR    29.751167    30.712788    31.456503    28.313098    -3.143405
02:58:50 SSIM     0.887465     0.891997     0.899576     0.845556    -0.054020
02:58:50 Time to upscale using CNN = 0.489267
02:58:50 Time to upscale using CNN = 0.512057
02:58:50 
02:58:50 ============================================================
02:58:50 Project: SISR - Upscaler
02:58:50    Date: 2022-03-29 02:58:50
02:58:50 scale: 4
02:58:50 ----------------------------------------------------------
02:58:50      NearNeighour    Bi-Linear     Bi-Cubic  Reconstruct   Difference
02:58:50 MSE      0.000967     0.000763     0.000635     0.001364     0.000729
02:58:50 PSNR    30.144437    31.173045    31.972258    28.650678    -3.321580
02:58:50 SSIM     0.896412     0.901557     0.909257     0.853625    -0.055633
02:58:50 Time to upscale to Bi-Cubic = 0.020402
02:58:50      NearNeighour    Bi-Linear     Bi-Cubic  Reconstruct   Difference
02:58:50 MSE      0.000974     0.000786     0.000663     0.001407     0.000744
02:58:50 PSNR    30.116220    31.043573    31.784068    28.517907    -3.266161
02:58:50 SSIM     0.891501     0.896481     0.904020     0.847005    -0.057015
02:58:50 Time to upscale using CNN = 0.566319
02:58:50      NearNeighour    Bi-Linear     Bi-Cubic  Reconstruct   Difference
02:58:50 MSE      0.000841     0.000669     0.000560     0.001249     0.000688
02:58:50 PSNR    30.752828    31.742798    32.514347    29.034589    -3.479757
02:58:50 SSIM     0.901627     0.907773     0.914913     0.852522    -0.062392
02:58:50 Time to upscale using CNN = 0.085292
02:58:50      NearNeighour    Bi-Linear     Bi-Cubic  Reconstruct   Difference
02:58:50 MSE      0.001043     0.000824     0.000685     0.001517     0.000831
02:58:50 PSNR    29.817102    30.840111    31.642606    28.191537    -3.451069
02:58:50 SSIM     0.888233     0.894440     0.902158     0.845568    -0.056590
03:12:48 
03:12:48 ============================================================
03:12:48 Project: SISR - Upscaler
03:12:48    Date: 2022-03-29 03:12:48
03:12:48 scale: 2
03:12:48 ----------------------------------------------------------
03:12:48 
03:12:48 Time to upscale to Bi-Cubic = 0.016326
03:12:48 ============================================================
03:12:48 Project: SISR - Upscaler
03:12:48    Date: 2022-03-29 03:12:48
03:12:48 scale: 2
03:12:48 ----------------------------------------------------------
03:12:48 
03:12:48 ============================================================
03:12:48 Project: SISR - Upscaler
03:12:48    Date: 2022-03-29 03:12:48
03:12:48 scale: 2
03:12:48 ----------------------------------------------------------
03:12:48 
03:12:48 ============================================================
03:12:48 Project: SISR - Upscaler
03:12:48    Date: 2022-03-29 03:12:48
03:12:48 scale: 2
03:12:48 ----------------------------------------------------------
03:12:48 Time to upscale to Bi-Cubic = 0.063563
03:12:48 Time to upscale to Bi-Cubic = 0.154325
03:12:48 Time to upscale to Bi-Cubic = 0.370525
03:12:49 Time to upscale using CNN = 0.483832
03:12:49      NearNeighour    Bi-Linear     Bi-Cubic  Reconstruct   Difference
03:12:49 MSE      0.000403     0.000352     0.000286     0.002800     0.002514
03:12:49 PSNR    33.949757    34.529121    35.437787    25.527837    -9.909950
03:12:49 SSIM     0.943913     0.940270     0.948274     0.812825    -0.135449
03:12:49 Time to upscale using CNN = 0.386812
03:12:49 Time to upscale using CNN = 0.417964
03:12:49      NearNeighour    Bi-Linear     Bi-Cubic  Reconstruct   Difference
03:12:49 MSE      0.000431     0.000375     0.000302     0.002846     0.002544
03:12:49 PSNR    33.651616    34.258707    35.195436    25.457153    -9.738283
03:12:49 SSIM     0.941727     0.937720     0.946254     0.807459    -0.138795
03:12:49 
03:12:49 ============================================================
03:12:49 Project: SISR - Upscaler
03:12:49    Date: 2022-03-29 03:12:49
03:12:49 scale: 2
03:12:49 ----------------------------------------------------------
03:12:49      NearNeighour    Bi-Linear     Bi-Cubic  Reconstruct   Difference
03:12:49 Time to upscale to Bi-Cubic = 0.021711
03:12:49 MSE      0.000337     0.000296     0.000241     0.002536     0.002296
03:12:49 PSNR    34.719521    35.285843    36.188698    25.958364   -10.230334
03:12:49 SSIM     0.950161     0.947402     0.954446     0.828126    -0.126320
03:12:49 Time to upscale using CNN = 0.218423
03:12:49      NearNeighour    Bi-Linear     Bi-Cubic  Reconstruct   Difference
03:12:49 MSE      0.000385     0.000329     0.000260     0.002577     0.002317
03:12:49 PSNR    34.148943    34.832634    35.848663    25.888416    -9.960247
03:12:49 SSIM     0.947445     0.944471     0.952459     0.819624    -0.132836
03:12:49 Time to upscale using CNN = 0.115253
03:12:49      NearNeighour    Bi-Linear     Bi-Cubic  Reconstruct   Difference
03:12:49 MSE      0.000412     0.000358     0.000290     0.003019     0.002729
03:12:49 PSNR    33.846660    34.457731    35.382156    25.201777   -10.180379
03:12:49 SSIM     0.942804     0.939261     0.947380     0.808837    -0.138543
03:19:19 
03:19:19 ============================================================
03:19:19 Project: SISR - Upscaler
03:19:19    Date: 2022-03-29 03:19:19
03:19:19 scale: 4
03:19:19 ----------------------------------------------------------
03:19:19 Time to upscale to Bi-Cubic = 0.020374
03:19:19 
03:19:19 ============================================================
03:19:19 Project: SISR - Upscaler
03:19:19    Date: 2022-03-29 03:19:19
03:19:19 scale: 4
03:19:19 ----------------------------------------------------------
03:19:19 
03:19:19 ============================================================
03:19:19 Project: SISR - Upscaler
03:19:19 Time to upscale to Bi-Cubic = 0.023991
03:19:19    Date: 2022-03-29 03:19:19
03:19:19 scale: 4
03:19:19 ----------------------------------------------------------
03:19:19 
03:19:19 ============================================================
03:19:19 Project: SISR - Upscaler
03:19:19    Date: 2022-03-29 03:19:19
03:19:19 scale: 4
03:19:19 ----------------------------------------------------------
03:19:19 Time to upscale to Bi-Cubic = 0.036032
03:19:19 Time to upscale to Bi-Cubic = 0.035259
03:19:22 Time to upscale using CNN = 2.150989
03:19:22 Time to upscale using CNN = 2.603658
03:19:22      NearNeighour    Bi-Linear     Bi-Cubic  Reconstruct   Difference
03:19:22 MSE      0.001059     0.000849     0.000715     0.001475     0.000760
03:19:22 PSNR    29.751167    30.712788    31.456503    28.313100    -3.143403
03:19:22 SSIM     0.887465     0.891997     0.899576     0.845556    -0.054020
03:19:22      NearNeighour    Bi-Linear     Bi-Cubic  Reconstruct   Difference
03:19:22 MSE      0.000967     0.000763     0.000635     0.001364     0.000729
03:19:22 PSNR    30.144437    31.173045    31.972258    28.650678    -3.321580
03:19:22 SSIM     0.896412     0.901557     0.909257     0.853625    -0.055633
03:19:22 
03:19:22 ============================================================
03:19:22 Project: SISR - Upscaler
03:19:22 Time to upscale using CNN = 2.730997
03:19:22 Time to upscale using CNN = 2.561876
03:19:22    Date: 2022-03-29 03:19:22
03:19:22 scale: 4
03:19:22 ----------------------------------------------------------
03:19:22 Time to upscale to Bi-Cubic = 0.021557
03:19:22      NearNeighour    Bi-Linear     Bi-Cubic  Reconstruct   Difference
03:19:22 MSE      0.000974     0.000786     0.000663     0.001407     0.000744
03:19:22 PSNR    30.116220    31.043573    31.784068    28.517905    -3.266163
03:19:22 SSIM     0.891501     0.896481     0.904020     0.847005    -0.057015
03:19:22      NearNeighour    Bi-Linear     Bi-Cubic  Reconstruct   Difference
03:19:22 MSE      0.000841     0.000669     0.000560     0.001249     0.000688
03:19:22 PSNR    30.752828    31.742798    32.514347    29.034589    -3.479757
03:19:22 SSIM     0.901627     0.907773     0.914913     0.852522    -0.062392
03:19:23 Time to upscale using CNN = 0.091105
03:19:23      NearNeighour    Bi-Linear     Bi-Cubic  Reconstruct   Difference
03:19:23 MSE      0.001043     0.000824     0.000685     0.001517     0.000831
03:19:23 PSNR    29.817102    30.840111    31.642606    28.191537    -3.451069
03:19:23 SSIM     0.888233     0.894440     0.902158     0.845568    -0.056590
03:19:46 
03:19:46 ============================================================
03:19:46 Project: SISR - Upscaler
03:19:46    Date: 2022-03-29 03:19:46
03:19:46 
03:19:46 scale: 4
03:19:46 ============================================================
03:19:46 ----------------------------------------------------------
03:19:46 Project: SISR - Upscaler
03:19:46    Date: 2022-03-29 03:19:46
03:19:46 scale: 4
03:19:46 ----------------------------------------------------------
03:19:46 
03:19:46 ============================================================
03:19:46 Project: SISR - Upscaler
03:19:46    Date: 2022-03-29 03:19:46
03:19:46 
03:19:46 scale: 4
03:19:46 ----------------------------------------------------------
03:19:46 ============================================================
03:19:46 Time to upscale to Bi-Cubic = 0.017999
03:19:46 Project: SISR - Upscaler
03:19:46    Date: 2022-03-29 03:19:46
03:19:46 scale: 4
03:19:46 ----------------------------------------------------------
03:19:46 Time to upscale to Bi-Cubic = 0.039366
03:19:46 Time to upscale to Bi-Cubic = 0.031229
03:19:46 Time to upscale to Bi-Cubic = 0.035998
03:19:47 Time to upscale using CNN = 0.437419
03:19:47      NearNeighour    Bi-Linear     Bi-Cubic  Reconstruct   Difference
03:19:47 MSE      0.000967     0.000763     0.000635     0.001364     0.000729
03:19:47 PSNR    30.144437    31.173045    31.972258    28.650678    -3.321580
03:19:47 SSIM     0.896412     0.901557     0.909257     0.853625    -0.055633
03:19:47 Time to upscale using CNN = 0.483916
03:19:47 Time to upscale using CNN = 0.424436
03:19:47 Time to upscale using CNN = 0.503309
03:19:47      NearNeighour    Bi-Linear     Bi-Cubic  Reconstruct   Difference
03:19:47 MSE      0.001059     0.000849     0.000715     0.001475     0.000760
03:19:47 PSNR    29.751167    30.712788    31.456503    28.313099    -3.143404
03:19:47      NearNeighour    Bi-Linear     Bi-Cubic  Reconstruct   Difference
03:19:47      NearNeighour    Bi-Linear     Bi-Cubic  Reconstruct   Difference
03:19:47 SSIM     0.887465     0.891997     0.899576     0.845556    -0.054020
03:19:47 MSE      0.000974     0.000786     0.000663     0.001407     0.000744
03:19:47 MSE      0.000841     0.000669     0.000560     0.001249     0.000688
03:19:47 PSNR    30.752828    31.742798    32.514347    29.034590    -3.479757
03:19:47 PSNR    30.116220    31.043573    31.784068    28.517907    -3.266160
03:19:47 SSIM     0.901627     0.907773     0.914913     0.852522    -0.062392
03:19:47 SSIM     0.891501     0.896481     0.904020     0.847005    -0.057015
03:19:47 
03:19:47 ============================================================
03:19:47 Project: SISR - Upscaler
03:19:47    Date: 2022-03-29 03:19:47
03:19:47 scale: 4
03:19:47 ----------------------------------------------------------
03:19:47 Time to upscale to Bi-Cubic = 0.013256
03:19:48 Time to upscale using CNN = 0.115546
03:19:48      NearNeighour    Bi-Linear     Bi-Cubic  Reconstruct   Difference
03:19:48 MSE      0.001043     0.000824     0.000685     0.001517     0.000831
03:19:48 PSNR    29.817102    30.840111    31.642606    28.191537    -3.451069
03:19:48 SSIM     0.888233     0.894440     0.902158     0.845568    -0.056590
03:20:54 
03:20:54 
03:20:54 ============================================================
03:20:54 
03:20:54 Project: SISR - Upscaler
03:20:54 ============================================================
03:20:54    Date: 2022-03-29 03:20:54
03:20:54 
03:20:54 Project: SISR - Upscaler
03:20:54    Date: 2022-03-29 03:20:54
03:20:54 ============================================================
03:20:54 ============================================================
03:20:54 scale: 4
03:20:54 Project: SISR - Upscaler
03:20:54 scale: 4
03:20:54    Date: 2022-03-29 03:20:54
03:20:54 Project: SISR - Upscaler
03:20:54 ----------------------------------------------------------
03:20:54 ----------------------------------------------------------
03:20:54 scale: 4
03:20:54 ----------------------------------------------------------
03:20:54    Date: 2022-03-29 03:20:54
03:20:54 scale: 4
03:20:54 ----------------------------------------------------------
03:20:54 Time to upscale to Bi-Cubic = 0.027998
03:20:54 Time to upscale to Bi-Cubic = 0.032664
03:20:54 Time to upscale to Bi-Cubic = 0.038839
03:20:54 Time to upscale to Bi-Cubic = 0.045757
03:20:57 Time to upscale using CNN = 2.343759
03:20:57 Time to upscale using CNN = 2.486052
03:20:57      NearNeighour    Bi-Linear     Bi-Cubic  Reconstruct   Difference
03:20:57 MSE      0.000967     0.000763     0.000635     0.001364     0.000729
03:20:57 PSNR    30.144437    31.173045    31.972258    28.650678    -3.321580
03:20:57 SSIM     0.896412     0.901557     0.909257     0.853625    -0.055633
03:20:57 Time to upscale using CNN = 2.330316
03:20:57 Time to upscale using CNN = 2.523471
03:20:57      NearNeighour    Bi-Linear     Bi-Cubic  Reconstruct   Difference
03:20:57 MSE      0.000841     0.000669     0.000560     0.001249     0.000688
03:20:57 PSNR    30.752828    31.742798    32.514347    29.034589    -3.479757
03:20:57 SSIM     0.901627     0.907773     0.914913     0.852522    -0.062392
03:20:57      NearNeighour    Bi-Linear     Bi-Cubic  Reconstruct   Difference
03:20:57 MSE      0.000974     0.000786     0.000663     0.001407     0.000744
03:20:57 PSNR    30.116220    31.043573    31.784068    28.517907    -3.266161
03:20:57 SSIM     0.891501     0.896481     0.904020     0.847005    -0.057015
03:20:57 
03:20:57 ============================================================
03:20:57 Project: SISR - Upscaler
03:20:57    Date: 2022-03-29 03:20:57
03:20:57 scale: 4
03:20:57 ----------------------------------------------------------
03:20:57      NearNeighour    Bi-Linear     Bi-Cubic  Reconstruct   Difference
03:20:57 MSE      0.001059     0.000849     0.000715     0.001475     0.000760
03:20:57 PSNR    29.751167    30.712788    31.456503    28.313098    -3.143405
03:20:57 SSIM     0.887465     0.891997     0.899576     0.845556    -0.054020
03:20:57 Time to upscale to Bi-Cubic = 0.013358
03:20:57 Time to upscale using CNN = 0.087828
03:20:57      NearNeighour    Bi-Linear     Bi-Cubic  Reconstruct   Difference
03:20:57 MSE      0.001043     0.000824     0.000685     0.001517     0.000831
03:20:57 PSNR    29.817102    30.840111    31.642606    28.191537    -3.451069
03:20:57 SSIM     0.888233     0.894440     0.902158     0.845568    -0.056590
03:22:36 
03:22:36 ============================================================
03:22:36 Project: SISR - Upscaler
03:22:36    Date: 2022-03-29 03:22:36
03:22:36 scale: 4
03:22:36 ----------------------------------------------------------
03:22:36 Time to upscale to Bi-Cubic = 0.017681
03:22:36 
03:22:36 
03:22:36 ============================================================
03:22:36 ============================================================
03:22:36 Project: SISR - Upscaler
03:22:36 Project: SISR - Upscaler
03:22:36    Date: 2022-03-29 03:22:36
03:22:36    Date: 2022-03-29 03:22:36
03:22:36 scale: 4
03:22:36 ----------------------------------------------------------
03:22:36 
03:22:36 scale: 4
03:22:36 ============================================================
03:22:36 ----------------------------------------------------------
03:22:36 Project: SISR - Upscaler
03:22:36    Date: 2022-03-29 03:22:36
03:22:36 scale: 4
03:22:36 ----------------------------------------------------------
03:22:36 Time to upscale to Bi-Cubic = 0.040308
03:22:36 Time to upscale to Bi-Cubic = 0.030344
03:22:36 Time to upscale to Bi-Cubic = 0.044988
03:22:37 Time to upscale using CNN = 0.660255
03:22:37 Time to upscale using CNN = 0.808341
03:22:37      NearNeighour    Bi-Linear     Bi-Cubic  Reconstruct   Difference
03:22:37 MSE      0.000974     0.000786     0.000663     0.001407     0.000744
03:22:37 PSNR    30.116220    31.043573    31.784068    28.517907    -3.266161
03:22:37 SSIM     0.891501     0.896481     0.904020     0.847005    -0.057015
03:22:37 Time to upscale using CNN = 0.467350
03:22:37 Time to upscale using CNN = 0.648975
03:22:37      NearNeighour    Bi-Linear     Bi-Cubic  Reconstruct   Difference
03:22:37 MSE      0.001059     0.000849     0.000715     0.001475     0.000760
03:22:37 PSNR    29.751167    30.712788    31.456503    28.313098    -3.143405
03:22:37 SSIM     0.887465     0.891997     0.899576     0.845556    -0.054020
03:22:37      NearNeighour    Bi-Linear     Bi-Cubic  Reconstruct   Difference
03:22:37 MSE      0.000841     0.000669     0.000560     0.001249     0.000688
03:22:37 PSNR    30.752828    31.742798    32.514347    29.034589    -3.479757
03:22:37 SSIM     0.901627     0.907773     0.914913     0.852522    -0.062392
03:22:37      NearNeighour    Bi-Linear     Bi-Cubic  Reconstruct   Difference
03:22:37 MSE      0.000967     0.000763     0.000635     0.001364     0.000729
03:22:37 PSNR    30.144437    31.173045    31.972258    28.650678    -3.321580
03:22:37 SSIM     0.896412     0.901557     0.909257     0.853625    -0.055633
03:22:37 
03:22:37 ============================================================
03:22:37 Project: SISR - Upscaler
03:22:37    Date: 2022-03-29 03:22:37
03:22:37 scale: 4
03:22:37 ----------------------------------------------------------
03:22:38 Time to upscale to Bi-Cubic = 0.013380
03:22:38 Time to upscale using CNN = 0.092180
03:22:38      NearNeighour    Bi-Linear     Bi-Cubic  Reconstruct   Difference
03:22:38 MSE      0.001043     0.000824     0.000685     0.001517     0.000831
03:22:38 PSNR    29.817102    30.840111    31.642606    28.191537    -3.451069
03:22:38 SSIM     0.888233     0.894440     0.902158     0.845568    -0.056590
03:24:46 
03:24:46 ============================================================
03:24:46 Project: SISR - Upscaler
03:24:46    Date: 2022-03-29 03:24:46
03:24:46 scale: 4
03:24:46 ----------------------------------------------------------
03:24:46 Time to upscale to Bi-Cubic = 0.022403
03:24:46 
03:24:46 
03:24:46 ============================================================
03:24:46 ============================================================
03:24:46 Project: SISR - Upscaler
03:24:46    Date: 2022-03-29 03:24:46
03:24:46 scale: 4
03:24:46 ----------------------------------------------------------
03:24:46 Project: SISR - Upscaler
03:24:46    Date: 2022-03-29 03:24:46
03:24:46 scale: 4
03:24:46 ----------------------------------------------------------
03:24:46 
03:24:46 ============================================================
03:24:46 Project: SISR - Upscaler
03:24:46    Date: 2022-03-29 03:24:46
03:24:46 scale: 4
03:24:46 ----------------------------------------------------------
03:24:46 Time to upscale to Bi-Cubic = 0.040097
03:24:46 Time to upscale to Bi-Cubic = 0.041884
03:24:46 Time to upscale to Bi-Cubic = 0.047835
03:24:49 Time to upscale using CNN = 2.465316
03:24:49 Time to upscale using CNN = 2.604241
03:24:49 Time to upscale using CNN = 2.591575
03:24:49 Time to upscale using CNN = 2.582620
03:24:49      NearNeighour    Bi-Linear     Bi-Cubic  Reconstruct   Difference
03:24:49 MSE      0.000967     0.000763     0.000635     0.001364     0.000729
03:24:49 PSNR    30.144437    31.173045    31.972258    28.650680    -3.321578
03:24:49 SSIM     0.896412     0.901557     0.909257     0.853625    -0.055633
03:24:49      NearNeighour    Bi-Linear     Bi-Cubic  Reconstruct   Difference
03:24:49 MSE      0.000841     0.000669     0.000560     0.001249     0.000688
03:24:49 PSNR    30.752828    31.742798    32.514347    29.034591    -3.479755
03:24:49 SSIM     0.901627     0.907773     0.914913     0.852522    -0.062392
03:24:49      NearNeighour    Bi-Linear     Bi-Cubic  Reconstruct   Difference
03:24:49 MSE      0.001059     0.000849     0.000715     0.001475     0.000760
03:24:49 PSNR    29.751167    30.712788    31.456503    28.313100    -3.143403
03:24:49 SSIM     0.887465     0.891997     0.899576     0.845556    -0.054020
03:24:49      NearNeighour    Bi-Linear     Bi-Cubic  Reconstruct   Difference
03:24:49 MSE      0.000974     0.000786     0.000663     0.001407     0.000744
03:24:49 PSNR    30.116220    31.043573    31.784068    28.517907    -3.266161
03:24:49 SSIM     0.891501     0.896481     0.904020     0.847005    -0.057015
03:24:49 
03:24:49 ============================================================
03:24:49 Project: SISR - Upscaler
03:24:49    Date: 2022-03-29 03:24:49
03:24:49 scale: 4
03:24:49 ----------------------------------------------------------
03:24:49 Time to upscale to Bi-Cubic = 0.014131
03:24:49 Time to upscale using CNN = 0.091273
03:24:49      NearNeighour    Bi-Linear     Bi-Cubic  Reconstruct   Difference
03:24:49 MSE      0.001043     0.000824     0.000685     0.001517     0.000831
03:24:49 PSNR    29.817102    30.840111    31.642606    28.191538    -3.451067
03:24:49 SSIM     0.888233     0.894440     0.902158     0.845568    -0.056590
03:25:49 
03:25:49 ============================================================
03:25:49 Project: SISR - Upscaler
03:25:49    Date: 2022-03-29 03:25:49
03:25:49 scale: 4
03:25:49 ----------------------------------------------------------
03:25:49 
03:25:49 ============================================================
03:25:49 Project: SISR - Upscaler
03:25:49    Date: 2022-03-29 03:25:49
03:25:49 
03:25:49 ============================================================
03:25:49 Project: SISR - Upscaler
03:25:49    Date: 2022-03-29 03:25:49
03:25:49 scale: 4
03:25:49 scale: 4
03:25:49 ----------------------------------------------------------
03:25:49 
03:25:49 ============================================================
03:25:49 Project: SISR - Upscaler
03:25:49 Time to upscale to Bi-Cubic = 0.031035
03:25:49    Date: 2022-03-29 03:25:49
03:25:49 ----------------------------------------------------------
03:25:49 scale: 4
03:25:49 ----------------------------------------------------------
03:25:49 Time to upscale to Bi-Cubic = 0.071084
03:25:49 Time to upscale to Bi-Cubic = 0.095055
03:25:49 Time to upscale to Bi-Cubic = 0.137753
03:25:52 Time to upscale using CNN = 2.549081
03:25:52      NearNeighour    Bi-Linear     Bi-Cubic  Reconstruct   Difference
03:25:52 MSE      0.000974     0.000786     0.000663     0.001407     0.000744
03:25:52 PSNR    30.116220    31.043573    31.784068    28.517907    -3.266161
03:25:52 Time to upscale using CNN = 2.622455
03:25:52 SSIM     0.891501     0.896481     0.904020     0.847005    -0.057015
03:25:52 Time to upscale using CNN = 2.542354
03:25:52 Time to upscale using CNN = 2.796157
03:25:52      NearNeighour    Bi-Linear     Bi-Cubic  Reconstruct   Difference
03:25:52 MSE      0.001059     0.000849     0.000715     0.001475     0.000760
03:25:52 PSNR    29.751167    30.712788    31.456503    28.313098    -3.143405
03:25:52 SSIM     0.887465     0.891997     0.899576     0.845556    -0.054020
03:25:52      NearNeighour    Bi-Linear     Bi-Cubic  Reconstruct   Difference
03:25:52 
03:25:52 MSE      0.004237     0.003507     0.002883     0.001973    -0.000910
03:25:52 PSNR    23.729514    24.550219    25.401259    27.049193     1.647934
03:25:52 ============================================================
03:25:52 Project: SISR - Upscaler
03:25:52 SSIM     0.820447     0.821840     0.834823     0.866009     0.031186
03:25:52    Date: 2022-03-29 03:25:52
03:25:52      NearNeighour    Bi-Linear     Bi-Cubic  Reconstruct   Difference
03:25:52 scale: 4
03:25:52 MSE      0.000967     0.000763     0.000635     0.001364     0.000729
03:25:52 ----------------------------------------------------------
03:25:52 PSNR    30.144437    31.173045    31.972258    28.650678    -3.321580
03:25:52 SSIM     0.896412     0.901557     0.909257     0.853625    -0.055633
03:25:52 Time to upscale to Bi-Cubic = 0.017732
03:25:52 
03:25:52 ============================================================
03:25:52 Project: SISR - Upscaler
03:25:52    Date: 2022-03-29 03:25:52
03:25:52 scale: 4
03:25:52 ----------------------------------------------------------
03:25:52 Time to upscale to Bi-Cubic = 0.016226
03:25:52 
03:25:52 ============================================================
03:25:52 Project: SISR - Upscaler
03:25:52    Date: 2022-03-29 03:25:52
03:25:52 scale: 4
03:25:52 ----------------------------------------------------------
03:25:52 
03:25:52 ============================================================
03:25:52 Project: SISR - Upscaler
03:25:52    Date: 2022-03-29 03:25:52
03:25:52 scale: 4
03:25:52 ----------------------------------------------------------
03:25:52 Time to upscale to Bi-Cubic = 0.023232
03:25:52 Time to upscale to Bi-Cubic = 0.029303
03:25:53 Time to upscale using CNN = 0.412505
03:25:53      NearNeighour    Bi-Linear     Bi-Cubic  Reconstruct   Difference
03:25:53 MSE      0.000841     0.000669     0.000560     0.001249     0.000688
03:25:53 PSNR    30.752828    31.742798    32.514347    29.034589    -3.479757
03:25:53 SSIM     0.901627     0.907773     0.914913     0.852522    -0.062392
03:25:53 Time to upscale using CNN = 0.406934
03:25:53 Time to upscale using CNN = 0.469273
03:25:53 Time to upscale using CNN = 0.440449
03:25:53 
03:25:53 ============================================================
03:25:53 Project: SISR - Upscaler
03:25:53    Date: 2022-03-29 03:25:53
03:25:53 scale: 4
03:25:53 ----------------------------------------------------------
03:25:53      NearNeighour    Bi-Linear     Bi-Cubic  Reconstruct   Difference
03:25:53 MSE      0.001063     0.000830     0.000681     0.001540     0.000860
03:25:53 Time to upscale to Bi-Cubic = 0.020647
03:25:53 PSNR    29.736702    30.809862    31.670506    28.123786    -3.546719
03:25:53 SSIM     0.890065     0.898048     0.906573     0.851189    -0.055384
03:25:53      NearNeighour    Bi-Linear     Bi-Cubic  Reconstruct   Difference
03:25:53 MSE      0.001043     0.000824     0.000685     0.001517     0.000831
03:25:53 PSNR    29.817102    30.840111    31.642606    28.191537    -3.451069
03:25:53 SSIM     0.888233     0.894440     0.902158     0.845568    -0.056590
03:25:53      NearNeighour    Bi-Linear     Bi-Cubic  Reconstruct   Difference
03:25:53 MSE      0.001053     0.000824     0.000679     0.001500     0.000822
03:25:53 PSNR    29.776543    30.840129    31.684384    28.238953    -3.445431
03:25:53 SSIM     0.889367     0.896728     0.904846     0.849232    -0.055615
03:25:53 
03:25:53 ============================================================
03:25:53 Project: SISR - Upscaler
03:25:53    Date: 2022-03-29 03:25:53
03:25:53 scale: 4
03:25:53 ----------------------------------------------------------
03:25:53 Time to upscale to Bi-Cubic = 0.016139
03:25:53 Time to upscale using CNN = 0.136389
03:25:53      NearNeighour    Bi-Linear     Bi-Cubic  Reconstruct   Difference
03:25:53 MSE      0.001051     0.000827     0.000681     0.001459     0.000778
03:25:53 PSNR    29.784245    30.826716    31.666136    28.359501    -3.306636
03:25:53 SSIM     0.891286     0.898614     0.907063     0.853479    -0.053584
03:25:53 Time to upscale using CNN = 0.115903
03:25:53      NearNeighour    Bi-Linear     Bi-Cubic  Reconstruct   Difference
03:25:53 MSE      0.000837     0.000665     0.000546     0.001121     0.000575
03:25:53 PSNR    30.774568    31.774718    32.627804    29.503712    -3.124093
03:25:53 SSIM     0.907659     0.914401     0.922272     0.865142    -0.057130
03:27:58 
03:27:58 ============================================================
03:27:58 Project: SISR - Upscaler
03:27:58    Date: 2022-03-29 03:27:58
03:27:58 scale: 4
03:27:58 ----------------------------------------------------------
03:27:58 
03:27:58 ============================================================
03:27:58 Project: SISR - Upscaler
03:27:58    Date: 2022-03-29 03:27:58
03:27:58 scale: 4
03:27:58 ----------------------------------------------------------
03:27:58 Time to upscale to Bi-Cubic = 0.025210
03:27:58 
03:27:58 ============================================================
03:27:58 
03:27:58 Project: SISR - Upscaler
03:27:58 ============================================================
03:27:58    Date: 2022-03-29 03:27:58
03:27:58 scale: 4
03:27:58 ----------------------------------------------------------
03:27:58 Project: SISR - Upscaler
03:27:58    Date: 2022-03-29 03:27:58
03:27:58 scale: 4
03:27:58 ----------------------------------------------------------
03:27:58 Time to upscale to Bi-Cubic = 0.037015
03:27:58 Time to upscale to Bi-Cubic = 0.020657
03:27:58 Time to upscale to Bi-Cubic = 0.042929
03:28:01 Time to upscale using CNN = 2.546192
03:28:01 Time to upscale using CNN = 2.643856
03:28:01      NearNeighour    Bi-Linear     Bi-Cubic  Reconstruct   Difference
03:28:01 MSE      0.000974     0.000786     0.000663     0.001407     0.000744
03:28:01 PSNR    30.116220    31.043573    31.784068    28.517909    -3.266159
03:28:01 SSIM     0.891501     0.896481     0.904020     0.847005    -0.057015
03:28:01 Time to upscale using CNN = 2.581066
03:28:01      NearNeighour    Bi-Linear     Bi-Cubic  Reconstruct   Difference
03:28:01 MSE      0.000967     0.000763     0.000635     0.001364     0.000729
03:28:01 PSNR    30.144437    31.173045    31.972258    28.650680    -3.321578
03:28:01 SSIM     0.896412     0.901557     0.909257     0.853625    -0.055633
03:28:01 
03:28:01 ============================================================
03:28:01 Project: SISR - Upscaler
03:28:01    Date: 2022-03-29 03:28:01
03:28:01 scale: 4
03:28:01 ----------------------------------------------------------
03:28:01 Time to upscale to Bi-Cubic = 0.014097
03:28:01      NearNeighour    Bi-Linear     Bi-Cubic  Reconstruct   Difference
03:28:01 MSE      0.000841     0.000669     0.000560     0.001249     0.000688
03:28:01 PSNR    30.752828    31.742798    32.514347    29.034589    -3.479757
03:28:01 SSIM     0.901627     0.907773     0.914913     0.852522    -0.062392
03:28:01 Time to upscale using CNN = 0.088078
03:28:01      NearNeighour    Bi-Linear     Bi-Cubic  Reconstruct   Difference
03:28:01 MSE      0.001043     0.000824     0.000685     0.001517     0.000831
03:28:01 PSNR    29.817102    30.840111    31.642606    28.191538    -3.451067
03:28:01 SSIM     0.888233     0.894440     0.902158     0.845568    -0.056590
03:28:01 Time to upscale using CNN = 3.048743
03:28:01      NearNeighour    Bi-Linear     Bi-Cubic  Reconstruct   Difference
03:28:01 MSE      0.001059     0.000849     0.000715     0.001475     0.000760
03:28:01 PSNR    29.751167    30.712788    31.456503    28.313100    -3.143403
03:28:01 SSIM     0.887465     0.891997     0.899576     0.845556    -0.054020
03:28:15 
03:28:15 ============================================================
03:28:15 Project: SISR - Upscaler
03:28:15    Date: 2022-03-29 03:28:15
03:28:15 scale: 4
03:28:15 ----------------------------------------------------------
03:28:15 
03:28:15 ============================================================
03:28:15 Project: SISR - Upscaler
03:28:15    Date: 2022-03-29 03:28:15
03:28:15 Time to upscale to Bi-Cubic = 0.018929
03:28:15 scale: 4
03:28:15 ----------------------------------------------------------
03:28:15 
03:28:15 ============================================================
03:28:15 Project: SISR - Upscaler
03:28:15    Date: 2022-03-29 03:28:15
03:28:15 scale: 4
03:28:15 ----------------------------------------------------------
03:28:15 
03:28:15 ============================================================
03:28:15 Project: SISR - Upscaler
03:28:15    Date: 2022-03-29 03:28:15
03:28:15 scale: 4
03:28:15 ----------------------------------------------------------
03:28:15 Time to upscale to Bi-Cubic = 0.047093
03:28:15 Time to upscale to Bi-Cubic = 0.036454
03:28:15 Time to upscale to Bi-Cubic = 0.059573
03:28:16 Time to upscale using CNN = 0.473959
03:28:16      NearNeighour    Bi-Linear     Bi-Cubic  Reconstruct   Difference
03:28:16 MSE      0.000967     0.000763     0.000635     0.001364     0.000729
03:28:16 PSNR    30.144437    31.173045    31.972258    28.650680    -3.321578
03:28:16 SSIM     0.896412     0.901557     0.909257     0.853625    -0.055633
03:28:16 Time to upscale using CNN = 0.388629
03:28:16 Time to upscale using CNN = 0.349434
03:28:16 Time to upscale using CNN = 0.327614
03:28:16      NearNeighour    Bi-Linear     Bi-Cubic  Reconstruct   Difference
03:28:16 MSE      0.004237     0.003507     0.002883     0.001973    -0.000910
03:28:16      NearNeighour    Bi-Linear     Bi-Cubic  Reconstruct   Difference
03:28:16 MSE      0.004237     0.003507     0.002883     0.001973    -0.000910
03:28:16 PSNR    23.729514    24.550219    25.401259    27.049191     1.647932
03:28:16 SSIM     0.820447     0.821840     0.834823     0.866009     0.031186
03:28:16 PSNR    23.729514    24.550219    25.401259    27.049191     1.647932
03:28:16 SSIM     0.820447     0.821840     0.834823     0.866009     0.031186
03:28:16      NearNeighour    Bi-Linear     Bi-Cubic  Reconstruct   Difference
03:28:16 MSE      0.004237     0.003507     0.002883     0.001973    -0.000910
03:28:16 PSNR    23.729514    24.550219    25.401259    27.049191     1.647932
03:28:16 SSIM     0.820447     0.821840     0.834823     0.866009     0.031186
