23:00:10 Time to upscale using CNN = 6.778918
23:00:12 Total Time = 9.249178
23:00:12 ============================================================
03:15:04 
03:15:04 ============================================================
03:15:04 Project: CMPT819 SISR - Predict
03:15:04  Author: Andrew Kostiuk
03:15:04    Date: 2022-02-08 03:15:04
03:15:04 ----------------------------------------------------------
03:15:04 ----------------------------------------------------------
03:15:04 Parameters:
03:15:04     scale = 4
03:15:04     trainingPatches = 1024
03:15:04     downsample = False
03:15:04 ----------------------------------------------------------
03:15:04 Using model = models/model_4_t1024_e1000.h5
03:15:04 ----------------------------------------------------------
03:15:04 Time to load model and set up upscaling parameters = 0.182075
03:15:04 Processing file "testing/000087.png"...
03:15:04 Time to upscale to Bi-Cubic = 0.140993
03:15:08 Time to upscale using CNN = 2.639128
03:15:10 Total Time = 5.029097
03:15:10 ============================================================
03:15:26 
03:15:26 ============================================================
03:15:26 Project: CMPT819 SISR - Predict
03:15:26  Author: Andrew Kostiuk
03:15:26    Date: 2022-02-08 03:15:26
03:15:26 ----------------------------------------------------------
03:15:26 ----------------------------------------------------------
03:15:26 Parameters:
03:15:26     scale = 4
03:15:26     trainingPatches = 1024
03:15:26     downsample = False
03:15:26 ----------------------------------------------------------
03:15:26 Using model = models/model_4_t1024_e1000.h5
03:15:26 ----------------------------------------------------------
03:15:26 Time to load model and set up upscaling parameters = 0.194899
03:15:26 Processing file "testing/000087.png"...
03:15:26 Time to upscale to Bi-Cubic = 0.174879
03:15:29 Time to upscale using CNN = 2.247999
03:15:31 Total Time = 4.690177
03:15:31 ============================================================
03:38:43 
03:38:43 ============================================================
03:38:43 Project: CMPT819 SISR - Predict
03:38:43  Author: Andrew Kostiuk
03:38:43    Date: 2022-02-08 03:38:43
03:38:43 ----------------------------------------------------------
03:38:43 ----------------------------------------------------------
03:38:43 Parameters:
03:38:43     scale = 4
03:38:43     trainingPatches = 1024
03:38:43     downsample = False
03:38:43 ----------------------------------------------------------
03:38:43 Using model = models/model_4_t1024_e1000.h5
03:38:44 ----------------------------------------------------------
03:38:44 Time to load model and set up upscaling parameters = 0.400793
03:38:44 Processing file "testing/000087.png"...
03:38:44 Time to upscale to Bi-Cubic = 0.251742
03:39:41 
03:39:41 ============================================================
03:39:41 Project: CMPT819 SISR - Predict
03:39:41  Author: Andrew Kostiuk
03:39:41    Date: 2022-02-08 03:39:41
03:39:41 ----------------------------------------------------------
03:39:41 ----------------------------------------------------------
03:39:41 Parameters:
03:39:41     scale = 4
03:39:41     trainingPatches = 1024
03:39:41     downsample = False
03:39:41 ----------------------------------------------------------
03:39:41 Using model = models/model_4_t1024_e1000.h5
03:39:41 ----------------------------------------------------------
03:39:41 Time to load model and set up upscaling parameters = 0.176876
03:39:41 Processing file "testing/000087.png"...
03:39:41 Time to upscale to Bi-Cubic = 0.140533
03:40:48 
03:40:48 ============================================================
03:40:48 Project: CMPT819 SISR - Predict
03:40:48  Author: Andrew Kostiuk
03:40:48    Date: 2022-02-08 03:40:48
03:40:48 ----------------------------------------------------------
03:40:48 ----------------------------------------------------------
03:40:48 Parameters:
03:40:48     scale = 4
03:40:48     trainingPatches = 1024
03:40:48     downsample = False
03:40:48 ----------------------------------------------------------
03:40:48 Using model = models/model_4_t1024_e1000.h5
03:40:48 ----------------------------------------------------------
03:40:48 Time to load model and set up upscaling parameters = 0.162350
03:40:48 Processing file "testing/000087.png"...
03:40:48 Time to upscale to Bi-Cubic = 0.152813
03:42:12 
03:42:12 ============================================================
03:42:12 Project: CMPT819 SISR - Predict
03:42:12  Author: Andrew Kostiuk
03:42:12    Date: 2022-02-08 03:42:12
03:42:12 ----------------------------------------------------------
03:42:12 ----------------------------------------------------------
03:42:12 Parameters:
03:42:12     scale = 4
03:42:12     trainingPatches = 1024
03:42:12     downsample = False
03:42:12 ----------------------------------------------------------
03:42:12 Using model = models/model_4_t1024_e1000.h5
03:42:12 ----------------------------------------------------------
03:42:12 Time to load model and set up upscaling parameters = 0.179454
03:42:12 Processing file "testing/000087.png"...
03:42:12 Time to upscale to Bi-Cubic = 0.146198
03:42:24 
03:42:24 ============================================================
03:42:24 Project: CMPT819 SISR - Predict
03:42:24  Author: Andrew Kostiuk
03:42:24    Date: 2022-02-08 03:42:24
03:42:24 ----------------------------------------------------------
03:42:24 ----------------------------------------------------------
03:42:24 Parameters:
03:42:24     scale = 4
03:42:24     trainingPatches = 1024
03:42:24     downsample = False
03:42:24 ----------------------------------------------------------
03:42:24 Using model = models/model_4_t1024_e1000.h5
03:42:24 ----------------------------------------------------------
03:42:24 Time to load model and set up upscaling parameters = 0.168832
03:42:24 Processing file "testing/000087.png"...
03:42:24 Time to upscale to Bi-Cubic = 0.179459
03:45:10 
03:45:10 ============================================================
03:45:10 Project: CMPT819 SISR - Predict
03:45:10  Author: Andrew Kostiuk
03:45:10    Date: 2022-02-08 03:45:10
03:45:10 ----------------------------------------------------------
03:45:10 ----------------------------------------------------------
03:45:10 Parameters:
03:45:10     scale = 4
03:45:10     trainingPatches = 1024
03:45:10     downsample = False
03:45:10 ----------------------------------------------------------
03:45:10 Using model = models/model_4_t1024_e1000.h5
03:45:10 ----------------------------------------------------------
03:45:10 Time to load model and set up upscaling parameters = 0.154788
03:45:10 Processing file "testing/000087.png"...
03:45:10 Time to upscale to Bi-Cubic = 0.150622
03:45:26 
03:45:26 ============================================================
03:45:26 Project: CMPT819 SISR - Predict
03:45:26  Author: Andrew Kostiuk
03:45:26    Date: 2022-02-08 03:45:26
03:45:26 ----------------------------------------------------------
03:45:26 ----------------------------------------------------------
03:45:26 Parameters:
03:45:26     scale = 4
03:45:26     trainingPatches = 1024
03:45:26     downsample = False
03:45:26 ----------------------------------------------------------
03:45:26 Using model = models/model_4_t1024_e1000.h5
03:45:27 ----------------------------------------------------------
03:45:27 Time to load model and set up upscaling parameters = 0.166015
03:45:27 Processing file "testing/000087.png"...
03:45:27 Time to upscale to Bi-Cubic = 0.144361
03:46:46 
03:46:46 ============================================================
03:46:46 Project: CMPT819 SISR - Predict
03:46:46  Author: Andrew Kostiuk
03:46:46    Date: 2022-02-08 03:46:46
03:46:46 ----------------------------------------------------------
03:46:46 ----------------------------------------------------------
03:46:46 Parameters:
03:46:46     scale = 4
03:46:46     trainingPatches = 1024
03:46:46     downsample = False
03:46:46 ----------------------------------------------------------
03:46:46 Using model = models/model_4_t1024_e1000.h5
03:46:46 ----------------------------------------------------------
03:46:46 Time to load model and set up upscaling parameters = 0.168645
03:46:46 Processing file "testing/000087.png"...
03:46:46 Time to upscale to Bi-Cubic = 0.167025
03:50:39 
03:50:39 ============================================================
03:50:39 Project: CMPT819 SISR - Predict
03:50:39  Author: Andrew Kostiuk
03:50:39    Date: 2022-02-08 03:50:39
03:50:39 ----------------------------------------------------------
03:50:39 ----------------------------------------------------------
03:50:39 Parameters:
03:50:39     scale = 4
03:50:39     trainingPatches = 1024
03:50:39     downsample = False
03:50:39 ----------------------------------------------------------
03:50:39 Using model = models/model_4_t1024_e1000.h5
03:50:39 ----------------------------------------------------------
03:50:39 Time to load model and set up upscaling parameters = 0.181125
03:50:39 Processing file "testing/000087.png"...
03:50:39 Time to upscale to Bi-Cubic = 0.155842
03:51:10 
03:51:10 ============================================================
03:51:10 Project: CMPT819 SISR - Predict
03:51:10  Author: Andrew Kostiuk
03:51:10    Date: 2022-02-08 03:51:10
03:51:10 ----------------------------------------------------------
03:51:10 ----------------------------------------------------------
03:51:10 Parameters:
03:51:10     scale = 4
03:51:10     trainingPatches = 1024
03:51:10     downsample = False
03:51:10 ----------------------------------------------------------
03:51:10 Using model = models/model_4_t1024_e1000.h5
03:51:10 ----------------------------------------------------------
03:51:10 Time to load model and set up upscaling parameters = 0.170978
03:51:10 Processing file "testing/000087.png"...
03:51:11 Time to upscale to Bi-Cubic = 0.146142
03:51:37 
03:51:37 ============================================================
03:51:37 Project: CMPT819 SISR - Predict
03:51:37  Author: Andrew Kostiuk
03:51:37    Date: 2022-02-08 03:51:37
03:51:37 ----------------------------------------------------------
03:51:37 ----------------------------------------------------------
03:51:37 Parameters:
03:51:37     scale = 4
03:51:37     trainingPatches = 1024
03:51:37     downsample = False
03:51:37 ----------------------------------------------------------
03:51:37 Using model = models/model_4_t1024_e1000.h5
03:51:38 ----------------------------------------------------------
03:51:38 Time to load model and set up upscaling parameters = 0.170237
03:51:38 Processing file "testing/000087.png"...
03:51:38 Time to upscale to Bi-Cubic = 0.125023
03:54:26 
03:54:26 ============================================================
03:54:26 Project: CMPT819 SISR - Predict
03:54:26  Author: Andrew Kostiuk
03:54:26    Date: 2022-02-08 03:54:26
03:54:26 ----------------------------------------------------------
03:54:26 ----------------------------------------------------------
03:54:26 Parameters:
03:54:26     scale = 4
03:54:26     trainingPatches = 1024
03:54:26     downsample = False
03:54:26 ----------------------------------------------------------
03:54:26 Using model = models/model_4_t1024_e1000.h5
03:54:27 ----------------------------------------------------------
03:54:27 Time to load model and set up upscaling parameters = 0.167860
03:54:27 Processing file "testing/000087.png"...
03:54:27 Time to upscale to Bi-Cubic = 0.169007
03:57:25 
03:57:25 ============================================================
03:57:25 Project: CMPT819 SISR - Predict
03:57:25  Author: Andrew Kostiuk
03:57:25    Date: 2022-02-08 03:57:25
03:57:25 ----------------------------------------------------------
03:57:25 ----------------------------------------------------------
03:57:25 Parameters:
03:57:25     scale = 4
03:57:25     trainingPatches = 1024
03:57:25     downsample = False
03:57:25 ----------------------------------------------------------
03:57:25 Using model = models/model_4_t1024_e1000.h5
03:57:25 ----------------------------------------------------------
03:57:25 Time to load model and set up upscaling parameters = 0.215916
03:57:25 Processing file "testing/000087.png"...
03:57:25 Time to upscale to Bi-Cubic = 0.174737
03:57:43 
03:57:43 ============================================================
03:57:43 Project: CMPT819 SISR - Predict
03:57:43  Author: Andrew Kostiuk
03:57:43    Date: 2022-02-08 03:57:43
03:57:43 ----------------------------------------------------------
03:57:43 ----------------------------------------------------------
03:57:43 Parameters:
03:57:43     scale = 4
03:57:43     trainingPatches = 1024
03:57:43     downsample = False
03:57:43 ----------------------------------------------------------
03:57:43 Using model = models/model_4_t1024_e1000.h5
03:57:43 ----------------------------------------------------------
03:57:43 Time to load model and set up upscaling parameters = 0.206453
03:57:43 Processing file "testing/000087.png"...
03:57:43 Time to upscale to Bi-Cubic = 0.154849
03:58:17 
03:58:17 ============================================================
03:58:17 Project: CMPT819 SISR - Predict
03:58:17  Author: Andrew Kostiuk
03:58:17    Date: 2022-02-08 03:58:17
03:58:17 ----------------------------------------------------------
03:58:17 ----------------------------------------------------------
03:58:17 Parameters:
03:58:17     scale = 4
03:58:17     trainingPatches = 1024
03:58:17     downsample = False
03:58:17 ----------------------------------------------------------
03:58:17 Using model = models/model_4_t1024_e1000.h5
03:58:17 ----------------------------------------------------------
03:58:17 Time to load model and set up upscaling parameters = 0.166538
03:58:17 Processing file "testing/000087.png"...
03:58:17 Time to upscale to Bi-Cubic = 0.144737
03:58:34 
03:58:34 ============================================================
03:58:34 Project: CMPT819 SISR - Predict
03:58:34  Author: Andrew Kostiuk
03:58:34    Date: 2022-02-08 03:58:34
03:58:34 ----------------------------------------------------------
03:58:34 ----------------------------------------------------------
03:58:34 Parameters:
03:58:34     scale = 4
03:58:34     trainingPatches = 1024
03:58:34     downsample = False
03:58:34 ----------------------------------------------------------
03:58:34 Using model = models/model_4_t1024_e1000.h5
03:58:34 ----------------------------------------------------------
03:58:34 Time to load model and set up upscaling parameters = 0.168383
03:58:34 Processing file "testing/000087.png"...
03:58:34 Time to upscale to Bi-Cubic = 0.153741
03:59:55 
03:59:55 ============================================================
03:59:55 Project: CMPT819 SISR - Predict
03:59:55  Author: Andrew Kostiuk
03:59:55    Date: 2022-02-08 03:59:55
03:59:55 ----------------------------------------------------------
03:59:55 ----------------------------------------------------------
03:59:55 Parameters:
03:59:55     scale = 4
03:59:55     trainingPatches = 1024
03:59:55     downsample = False
03:59:55 ----------------------------------------------------------
03:59:55 Using model = models/model_4_t1024_e1000.h5
03:59:55 ----------------------------------------------------------
03:59:55 Time to load model and set up upscaling parameters = 0.161917
03:59:55 Processing file "testing/000087.png"...
03:59:55 Time to upscale to Bi-Cubic = 0.151580
04:03:38 
04:03:38 ============================================================
04:03:38 Project: CMPT819 SISR - Predict
04:03:38  Author: Andrew Kostiuk
04:03:38    Date: 2022-02-08 04:03:38
04:03:38 ----------------------------------------------------------
04:03:38 ----------------------------------------------------------
04:03:38 Parameters:
04:03:38     scale = 4
04:03:38     trainingPatches = 1024
04:03:38     downsample = False
04:03:38 ----------------------------------------------------------
04:03:38 Using model = models/model_4_t1024_e1000.h5
04:03:39 ----------------------------------------------------------
04:03:39 Time to load model and set up upscaling parameters = 0.180700
04:03:39 Processing file "testing/000087.png"...
04:03:39 Time to upscale to Bi-Cubic = 0.140391
04:03:48 
04:03:48 ============================================================
04:03:48 Project: CMPT819 SISR - Predict
04:03:48  Author: Andrew Kostiuk
04:03:48    Date: 2022-02-08 04:03:48
04:03:48 ----------------------------------------------------------
04:03:48 ----------------------------------------------------------
04:03:48 Parameters:
04:03:48     scale = 4
04:03:48     trainingPatches = 1024
04:03:48     downsample = False
04:03:48 ----------------------------------------------------------
04:03:48 Using model = models/model_4_t1024_e1000.h5
04:03:48 ----------------------------------------------------------
04:03:48 Time to load model and set up upscaling parameters = 0.167972
04:03:48 Processing file "testing/000087.png"...
04:03:48 Time to upscale to Bi-Cubic = 0.146739
04:05:29 
04:05:29 ============================================================
04:05:29 Project: CMPT819 SISR - Predict
04:05:29  Author: Andrew Kostiuk
04:05:29    Date: 2022-02-08 04:05:29
04:05:29 ----------------------------------------------------------
04:05:29 ----------------------------------------------------------
04:05:29 Parameters:
04:05:29     scale = 4
04:05:29     trainingPatches = 1024
04:05:29     downsample = False
04:05:29 ----------------------------------------------------------
04:05:29 Using model = models/model_4_t1024_e1000.h5
04:05:29 ----------------------------------------------------------
04:05:29 Time to load model and set up upscaling parameters = 0.171476
04:05:29 Processing file "testing/000087.png"...
04:05:29 Time to upscale to Bi-Cubic = 0.150927
04:11:52 
04:11:52 ============================================================
04:11:52 Project: CMPT819 SISR - Predict
04:11:52  Author: Andrew Kostiuk
04:11:52    Date: 2022-02-08 04:11:52
04:11:52 ----------------------------------------------------------
04:11:52 ----------------------------------------------------------
04:11:52 Parameters:
04:11:52     scale = 4
04:11:52     trainingPatches = 1024
04:11:52     downsample = False
04:11:52 ----------------------------------------------------------
04:11:52 Using model = models/model_4_t1024_e1000.h5
04:11:53 ----------------------------------------------------------
04:11:53 Time to load model and set up upscaling parameters = 0.159829
04:11:53 Processing file "testing/000087.png"...
04:11:53 Time to upscale to Bi-Cubic = 0.146101
04:12:04 
04:12:04 ============================================================
04:12:04 Project: CMPT819 SISR - Predict
04:12:04  Author: Andrew Kostiuk
04:12:04    Date: 2022-02-08 04:12:04
04:12:04 ----------------------------------------------------------
04:12:04 ----------------------------------------------------------
04:12:04 Parameters:
04:12:04     scale = 4
04:12:04     trainingPatches = 1024
04:12:04     downsample = False
04:12:04 ----------------------------------------------------------
04:12:04 Using model = models/model_4_t1024_e1000.h5
04:12:05 ----------------------------------------------------------
04:12:05 Time to load model and set up upscaling parameters = 0.209489
04:12:05 Processing file "testing/000087.png"...
04:12:05 Time to upscale to Bi-Cubic = 0.160267
04:15:02 
04:15:02 ============================================================
04:15:02 Project: CMPT819 SISR - Predict
04:15:02  Author: Andrew Kostiuk
04:15:02    Date: 2022-02-08 04:15:02
04:15:02 ----------------------------------------------------------
04:15:02 ----------------------------------------------------------
04:15:02 Parameters:
04:15:02     scale = 4
04:15:02     trainingPatches = 1024
04:15:02     downsample = False
04:15:02 ----------------------------------------------------------
04:15:02 Using model = models/model_4_t1024_e1000.h5
04:15:02 ----------------------------------------------------------
04:15:02 Time to load model and set up upscaling parameters = 0.156752
04:15:02 Processing file "testing/000087.png"...
04:15:02 Time to upscale to Bi-Cubic = 0.161395
04:18:05 
04:18:05 ============================================================
04:18:05 Project: CMPT819 SISR - Predict
04:18:05  Author: Andrew Kostiuk
04:18:05    Date: 2022-02-08 04:18:05
04:18:05 ----------------------------------------------------------
04:18:05 ----------------------------------------------------------
04:18:05 Parameters:
04:18:05     scale = 4
04:18:05     trainingPatches = 1024
04:18:05     downsample = False
04:18:05 ----------------------------------------------------------
04:18:05 Using model = models/model_4_t1024_e1000.h5
04:18:05 ----------------------------------------------------------
04:18:05 Time to load model and set up upscaling parameters = 0.172620
04:18:05 Processing file "testing/000087.png"...
04:18:05 Time to upscale to Bi-Cubic = 0.058586
04:18:40 
04:18:40 ============================================================
04:18:40 Project: CMPT819 SISR - Predict
04:18:40  Author: Andrew Kostiuk
04:18:40    Date: 2022-02-08 04:18:40
04:18:40 ----------------------------------------------------------
04:18:40 ----------------------------------------------------------
04:18:40 Parameters:
04:18:40     scale = 4
04:18:40     trainingPatches = 1024
04:18:40     downsample = False
04:18:40 ----------------------------------------------------------
04:18:40 Using model = models/model_4_t1024_e1000.h5
04:18:41 ----------------------------------------------------------
04:18:41 Time to load model and set up upscaling parameters = 0.173091
04:18:41 Processing file "testing/000087.png"...
04:18:41 Time to upscale to Bi-Cubic = 0.174960
04:19:21 
04:19:21 ============================================================
04:19:21 Project: CMPT819 SISR - Predict
04:19:21  Author: Andrew Kostiuk
04:19:21    Date: 2022-02-08 04:19:21
04:19:21 ----------------------------------------------------------
04:19:21 ----------------------------------------------------------
04:19:21 Parameters:
04:19:21     scale = 4
04:19:21     trainingPatches = 1024
04:19:21     downsample = False
04:19:21 ----------------------------------------------------------
04:19:21 Using model = models/model_4_t1024_e1000.h5
04:19:21 ----------------------------------------------------------
04:19:21 Time to load model and set up upscaling parameters = 0.187547
04:19:21 Processing file "testing/000087.png"...
04:19:21 Time to upscale to Bi-Cubic = 0.169795
04:20:11 
04:20:11 ============================================================
04:20:11 Project: CMPT819 SISR - Predict
04:20:11  Author: Andrew Kostiuk
04:20:11    Date: 2022-02-08 04:20:11
04:20:11 ----------------------------------------------------------
04:20:11 ----------------------------------------------------------
04:20:11 Parameters:
04:20:11     scale = 4
04:20:11     trainingPatches = 1024
04:20:11     downsample = False
04:20:11 ----------------------------------------------------------
04:20:11 Using model = models/model_4_t1024_e1000.h5
04:20:11 ----------------------------------------------------------
04:20:11 Time to load model and set up upscaling parameters = 0.164747
04:20:11 Processing file "testing/000087.png"...
04:20:11 Time to upscale to Bi-Cubic = 0.142911
04:20:44 
04:20:44 ============================================================
04:20:44 Project: CMPT819 SISR - Predict
04:20:44  Author: Andrew Kostiuk
04:20:44    Date: 2022-02-08 04:20:44
04:20:44 ----------------------------------------------------------
04:20:44 ----------------------------------------------------------
04:20:44 Parameters:
04:20:44     scale = 4
04:20:44     trainingPatches = 1024
04:20:44     downsample = False
04:20:44 ----------------------------------------------------------
04:20:44 Using model = models/model_4_t1024_e1000.h5
04:20:44 ----------------------------------------------------------
04:20:44 Time to load model and set up upscaling parameters = 0.160407
04:20:44 Processing file "testing/000087.png"...
04:20:44 Time to upscale to Bi-Cubic = 0.141008
04:21:01 
04:21:01 ============================================================
04:21:01 Project: CMPT819 SISR - Predict
04:21:01  Author: Andrew Kostiuk
04:21:01    Date: 2022-02-08 04:21:01
04:21:01 ----------------------------------------------------------
04:21:01 ----------------------------------------------------------
04:21:01 Parameters:
04:21:01     scale = 4
04:21:01     trainingPatches = 1024
04:21:01     downsample = False
04:21:01 ----------------------------------------------------------
04:21:01 Using model = models/model_4_t1024_e1000.h5
04:21:01 ----------------------------------------------------------
04:21:01 Time to load model and set up upscaling parameters = 0.174371
04:21:01 Processing file "testing/000087.png"...
04:21:01 Time to upscale to Bi-Cubic = 0.160076
04:22:16 
04:22:16 ============================================================
04:22:16 Project: CMPT819 SISR - Predict
04:22:16  Author: Andrew Kostiuk
04:22:16    Date: 2022-02-08 04:22:16
04:22:16 ----------------------------------------------------------
04:22:16 ----------------------------------------------------------
04:22:16 Parameters:
04:22:16     scale = 4
04:22:16     trainingPatches = 1024
04:22:16     downsample = False
04:22:16 ----------------------------------------------------------
04:22:16 Using model = models/model_4_t1024_e1000.h5
04:22:17 ----------------------------------------------------------
04:22:17 Time to load model and set up upscaling parameters = 0.161932
04:22:17 Processing file "testing/000087.png"...
04:22:17 Time to upscale to Bi-Cubic = 0.140058
04:22:28 
04:22:28 ============================================================
04:22:28 Project: CMPT819 SISR - Predict
04:22:28  Author: Andrew Kostiuk
04:22:28    Date: 2022-02-08 04:22:28
04:22:28 ----------------------------------------------------------
04:22:28 ----------------------------------------------------------
04:22:28 Parameters:
04:22:28     scale = 4
04:22:28     trainingPatches = 1024
04:22:28     downsample = False
04:22:28 ----------------------------------------------------------
04:22:28 Using model = models/model_4_t1024_e1000.h5
04:22:29 ----------------------------------------------------------
04:22:29 Time to load model and set up upscaling parameters = 0.198252
04:22:29 Processing file "testing/000087.png"...
04:22:29 Time to upscale to Bi-Cubic = 0.155820
04:24:00 
04:24:00 ============================================================
04:24:00 Project: CMPT819 SISR - Predict
04:24:00  Author: Andrew Kostiuk
04:24:00    Date: 2022-02-08 04:24:00
04:24:00 ----------------------------------------------------------
04:24:00 ----------------------------------------------------------
04:24:00 Parameters:
04:24:00     scale = 4
04:24:00     trainingPatches = 1024
04:24:00     downsample = False
04:24:00 ----------------------------------------------------------
04:24:00 Using model = models/model_4_t1024_e1000.h5
04:24:00 ----------------------------------------------------------
04:24:00 Time to load model and set up upscaling parameters = 0.203679
04:24:00 Processing file "testing/000087.png"...
04:24:00 Time to upscale to Bi-Cubic = 0.149505
04:24:26 
04:24:26 ============================================================
04:24:26 Project: CMPT819 SISR - Predict
04:24:26  Author: Andrew Kostiuk
04:24:26    Date: 2022-02-08 04:24:26
04:24:26 ----------------------------------------------------------
04:24:26 ----------------------------------------------------------
04:24:26 Parameters:
04:24:26     scale = 4
04:24:26     trainingPatches = 1024
04:24:26     downsample = False
04:24:26 ----------------------------------------------------------
04:24:26 Using model = models/model_4_t1024_e1000.h5
04:24:27 ----------------------------------------------------------
04:24:27 Time to load model and set up upscaling parameters = 0.173546
04:24:27 Processing file "testing/000087.png"...
04:24:27 Time to upscale to Bi-Cubic = 0.153146
04:25:01 
04:25:01 ============================================================
04:25:01 Project: CMPT819 SISR - Predict
04:25:01  Author: Andrew Kostiuk
04:25:01    Date: 2022-02-08 04:25:01
04:25:01 ----------------------------------------------------------
04:25:01 ----------------------------------------------------------
04:25:01 Parameters:
04:25:01     scale = 4
04:25:01     trainingPatches = 1024
04:25:01     downsample = False
04:25:01 ----------------------------------------------------------
04:25:01 Using model = models/model_4_t1024_e1000.h5
04:25:01 ----------------------------------------------------------
04:25:01 Time to load model and set up upscaling parameters = 0.174190
04:25:01 Processing file "testing/000087.png"...
04:25:01 Time to upscale to Bi-Cubic = 0.159586
04:26:21 
04:26:21 ============================================================
04:26:21 Project: CMPT819 SISR - Predict
04:26:21  Author: Andrew Kostiuk
04:26:21    Date: 2022-02-08 04:26:21
04:26:21 ----------------------------------------------------------
04:26:21 ----------------------------------------------------------
04:26:21 Parameters:
04:26:21     scale = 4
04:26:21     trainingPatches = 1024
04:26:21     downsample = False
04:26:21 ----------------------------------------------------------
04:26:21 Using model = models/model_4_t1024_e1000.h5
04:26:22 ----------------------------------------------------------
04:26:22 Time to load model and set up upscaling parameters = 0.250028
04:26:22 Processing file "testing/000087.png"...
04:26:22 Time to upscale to Bi-Cubic = 0.159694
04:27:17 
04:27:17 ============================================================
04:27:17 Project: CMPT819 SISR - Predict
04:27:17  Author: Andrew Kostiuk
04:27:17    Date: 2022-02-08 04:27:17
04:27:17 ----------------------------------------------------------
04:27:17 ----------------------------------------------------------
04:27:17 Parameters:
04:27:17     scale = 4
04:27:17     trainingPatches = 1024
04:27:17     downsample = False
04:27:17 ----------------------------------------------------------
04:27:17 Using model = models/model_4_t1024_e1000.h5
04:27:17 ----------------------------------------------------------
04:27:17 Time to load model and set up upscaling parameters = 0.117348
04:27:17 Processing file "testing/000087.png"...
04:27:17 Time to upscale to Bi-Cubic = 0.136283
04:27:22 Time to upscale using CNN = 4.294197
04:27:24 Total Time = 6.608008
04:27:24 ============================================================
04:28:13 
04:28:13 ============================================================
04:28:13 Project: CMPT819 SISR - Predict
04:28:13  Author: Andrew Kostiuk
04:28:13    Date: 2022-02-08 04:28:13
04:28:13 ----------------------------------------------------------
04:28:13 ----------------------------------------------------------
04:28:13 Parameters:
04:28:13     scale = 4
04:28:13     trainingPatches = 1024
04:28:13     downsample = False
04:28:13 ----------------------------------------------------------
04:28:13 Using model = models/model_4_t1024_e1000.h5
04:28:13 ----------------------------------------------------------
04:28:13 Time to load model and set up upscaling parameters = 0.114229
04:28:13 Processing file "testing/000087.png"...
04:28:13 Time to upscale to Bi-Cubic = 0.125862
04:28:16 Time to upscale using CNN = 2.367103
04:28:18 Total Time = 4.663324
04:28:18 ============================================================
04:28:34 
04:28:34 ============================================================
04:28:34 Project: CMPT819 SISR - Predict
04:28:34  Author: Andrew Kostiuk
04:28:34    Date: 2022-02-08 04:28:34
04:28:34 ----------------------------------------------------------
04:28:34 ----------------------------------------------------------
04:28:34 Parameters:
04:28:34     scale = 4
04:28:34     trainingPatches = 1024
04:28:34     downsample = False
04:28:34 ----------------------------------------------------------
04:28:34 Using model = models/model_4_t1024_e1000.h5
04:28:34 ----------------------------------------------------------
04:28:34 Time to load model and set up upscaling parameters = 0.124827
04:28:34 Processing file "testing/000087.png"...
04:28:34 Time to upscale to Bi-Cubic = 0.164188
04:28:55 
04:28:55 ============================================================
04:28:55 Project: CMPT819 SISR - Predict
04:28:55  Author: Andrew Kostiuk
04:28:55    Date: 2022-02-08 04:28:55
04:28:55 ----------------------------------------------------------
04:28:55 ----------------------------------------------------------
04:28:55 Parameters:
04:28:55     scale = 4
04:28:55     trainingPatches = 1024
04:28:55     downsample = False
04:28:55 ----------------------------------------------------------
04:28:55 Using model = models/model_4_t1024_e1000.h5
04:28:55 ----------------------------------------------------------
04:28:55 Time to load model and set up upscaling parameters = 0.112763
04:28:55 Processing file "testing/000087.png"...
04:28:55 Time to upscale to Bi-Cubic = 0.151240
04:29:32 
04:29:32 ============================================================
04:29:32 Project: CMPT819 SISR - Predict
04:29:32  Author: Andrew Kostiuk
04:29:32    Date: 2022-02-08 04:29:32
04:29:32 ----------------------------------------------------------
04:29:32 ----------------------------------------------------------
04:29:32 Parameters:
04:29:32     scale = 4
04:29:32     trainingPatches = 1024
04:29:32     downsample = False
04:29:32 ----------------------------------------------------------
04:29:32 Using model = models/model_4_t1024_e1000.h5
04:29:32 ----------------------------------------------------------
04:29:32 Time to load model and set up upscaling parameters = 0.111037
04:29:32 Processing file "testing/000087.png"...
04:29:32 Time to upscale to Bi-Cubic = 0.155999
04:29:35 Time to upscale using CNN = 2.370505
04:29:37 Total Time = 4.717978
04:29:37 ============================================================
04:33:20 
04:33:20 ============================================================
04:33:20 Project: CMPT819 SISR - Predict
04:33:20  Author: Andrew Kostiuk
04:33:20    Date: 2022-02-08 04:33:20
04:33:20 ----------------------------------------------------------
04:33:20 ----------------------------------------------------------
04:33:20 Parameters:
04:33:20     scale = 4
04:33:20     trainingPatches = 1024
04:33:20     downsample = False
04:33:20 ----------------------------------------------------------
04:33:20 Using model = models/model_4_t1024_e1000.h5
04:33:21 ----------------------------------------------------------
04:33:21 Time to load model and set up upscaling parameters = 0.137774
04:33:21 Processing file "testing/000087.png"...
04:33:21 Time to upscale to Bi-Cubic = 0.151760
04:34:01 
04:34:01 ============================================================
04:34:01 Project: CMPT819 SISR - Predict
04:34:01  Author: Andrew Kostiuk
04:34:01    Date: 2022-02-08 04:34:01
04:34:01 ----------------------------------------------------------
04:34:01 ----------------------------------------------------------
04:34:01 Parameters:
04:34:01     scale = 4
04:34:01     trainingPatches = 1024
04:34:01     downsample = False
04:34:01 ----------------------------------------------------------
04:34:01 Using model = models/model_4_t1024_e1000.h5
04:34:01 ----------------------------------------------------------
04:34:01 Time to load model and set up upscaling parameters = 0.117284
04:34:01 Processing file "testing/000087.png"...
04:34:01 Time to upscale to Bi-Cubic = 0.136053
04:34:04 Time to upscale using CNN = 2.497559
04:34:06 Total Time = 5.058808
04:34:06 ============================================================
04:36:44 
04:36:44 ============================================================
04:36:44 Project: CMPT819 SISR - Predict
04:36:44  Author: Andrew Kostiuk
04:36:44    Date: 2022-02-08 04:36:44
04:36:44 ----------------------------------------------------------
04:36:44 ----------------------------------------------------------
04:36:44 Parameters:
04:36:44     scale = 4
04:36:44     trainingPatches = 1024
04:36:44     downsample = False
04:36:44 ----------------------------------------------------------
04:36:44 Using model = models/model_4_t1024_e1000.h5
04:36:44 ----------------------------------------------------------
04:36:44 Time to load model and set up upscaling parameters = 0.125087
04:36:44 Processing file "testing/000087.png"...
04:36:44 Time to upscale to Bi-Cubic = 0.149721
04:36:47 Time to upscale using CNN = 2.508247
04:36:49 Total Time = 4.887385
04:36:49 ============================================================
04:39:43 
04:39:43 ============================================================
04:39:43 Project: CMPT819 SISR - Predict
04:39:43  Author: Andrew Kostiuk
04:39:43    Date: 2022-02-08 04:39:43
04:39:43 ----------------------------------------------------------
04:39:43 ----------------------------------------------------------
04:39:43 Parameters:
04:39:43     scale = 4
04:39:43     trainingPatches = 1024
04:39:43     downsample = False
04:39:43 ----------------------------------------------------------
04:39:43 Using model = models/model_4_t1024_e1000.h5
04:39:43 ----------------------------------------------------------
04:39:43 Time to load model and set up upscaling parameters = 0.114408
04:39:43 Processing file "testing/000087.png"...
04:39:43 Time to upscale to Bi-Cubic = 0.141992
04:39:45 Time to upscale using CNN = 2.351150
04:39:48 Total Time = 4.718991
04:39:48 ============================================================
04:40:14 
04:40:14 ============================================================
04:40:14 Project: CMPT819 SISR - Predict
04:40:14  Author: Andrew Kostiuk
04:40:14    Date: 2022-02-08 04:40:14
04:40:14 ----------------------------------------------------------
04:40:14 ----------------------------------------------------------
04:40:14 Parameters:
04:40:14     scale = 4
04:40:14     trainingPatches = 1024
04:40:14     downsample = False
04:40:14 ----------------------------------------------------------
04:40:14 Using model = models/model_4_t1024_e1000.h5
04:40:14 ----------------------------------------------------------
04:40:14 Time to load model and set up upscaling parameters = 0.111849
04:40:14 Processing file "testing/000087.png"...
04:40:14 Time to upscale to Bi-Cubic = 0.161078
04:40:17 Time to upscale using CNN = 2.394665
04:40:19 Total Time = 4.732189
04:40:19 ============================================================
04:40:28 
04:40:28 ============================================================
04:40:28 Project: CMPT819 SISR - Predict
04:40:28  Author: Andrew Kostiuk
04:40:28    Date: 2022-02-08 04:40:28
04:40:28 ----------------------------------------------------------
04:40:28 ----------------------------------------------------------
04:40:28 Parameters:
04:40:28     scale = 4
04:40:28     trainingPatches = 1024
04:40:28     downsample = False
04:40:28 ----------------------------------------------------------
04:40:28 Using model = models/model_4_t1024_e1000.h5
04:40:28 ----------------------------------------------------------
04:40:28 Time to load model and set up upscaling parameters = 0.105358
04:40:28 Processing file "testing/000087.png"...
04:40:28 Time to upscale to Bi-Cubic = 0.140658
04:40:45 
04:40:45 ============================================================
04:40:45 Project: CMPT819 SISR - Predict
04:40:45  Author: Andrew Kostiuk
04:40:45    Date: 2022-02-08 04:40:45
04:40:45 ----------------------------------------------------------
04:40:45 ----------------------------------------------------------
04:40:45 Parameters:
04:40:45     scale = 4
04:40:45     trainingPatches = 1024
04:40:45     downsample = False
04:40:45 ----------------------------------------------------------
04:40:45 Using model = models/model_4_t1024_e1000.h5
04:40:45 ----------------------------------------------------------
04:40:45 Time to load model and set up upscaling parameters = 0.116598
04:40:45 Processing file "testing/000087.png"...
04:40:45 Time to upscale to Bi-Cubic = 0.132755
04:40:50 Time to upscale using CNN = 4.363167
04:40:52 Total Time = 6.667261
04:40:52 ============================================================
04:41:13 
04:41:13 ============================================================
04:41:13 Project: CMPT819 SISR - Predict
04:41:13  Author: Andrew Kostiuk
04:41:13    Date: 2022-02-08 04:41:13
04:41:13 ----------------------------------------------------------
04:41:13 ----------------------------------------------------------
04:41:13 Parameters:
04:41:13     scale = 4
04:41:13     trainingPatches = 1024
04:41:13     downsample = False
04:41:13 ----------------------------------------------------------
04:41:13 Using model = models/model_4_t1024_e1000.h5
04:41:13 ----------------------------------------------------------
04:41:13 Time to load model and set up upscaling parameters = 0.118671
04:41:13 Processing file "testing/000087.png"...
04:41:13 Time to upscale to Bi-Cubic = 0.147779
04:41:16 Time to upscale using CNN = 2.398070
04:41:18 Total Time = 4.680352
04:41:18 ============================================================
04:41:42 
04:41:42 ============================================================
04:41:42 Project: CMPT819 SISR - Predict
04:41:42  Author: Andrew Kostiuk
04:41:42    Date: 2022-02-08 04:41:42
04:41:42 ----------------------------------------------------------
04:41:42 ----------------------------------------------------------
04:41:42 Parameters:
04:41:42     scale = 4
04:41:42     trainingPatches = 1024
04:41:42     downsample = False
04:41:42 ----------------------------------------------------------
04:41:42 Using model = models/model_4_t1024_e1000.h5
04:41:42 ----------------------------------------------------------
04:41:42 Time to load model and set up upscaling parameters = 0.148295
04:41:42 Processing file "testing/000087.png"...
04:41:42 Time to upscale to Bi-Cubic = 0.130143
04:41:45 Time to upscale using CNN = 2.646701
04:41:47 Total Time = 5.033662
04:41:47 ============================================================
04:43:33 
04:43:33 ============================================================
04:43:33 Project: CMPT819 SISR - Predict
04:43:33  Author: Andrew Kostiuk
04:43:33    Date: 2022-02-08 04:43:33
04:43:33 ----------------------------------------------------------
04:43:33 ----------------------------------------------------------
04:43:33 Parameters:
04:43:33     scale = 4
04:43:33     trainingPatches = 1024
04:43:33     downsample = False
04:43:33 ----------------------------------------------------------
04:43:33 Using model = models/model_4_t1024_e1000.h5
04:43:34 ----------------------------------------------------------
04:43:34 Time to load model and set up upscaling parameters = 0.124958
04:43:34 Processing file "testing/000087.png"...
04:43:34 Time to upscale to Bi-Cubic = 0.153980
04:44:19 
04:44:19 ============================================================
04:44:19 Project: CMPT819 SISR - Predict
04:44:19  Author: Andrew Kostiuk
04:44:19    Date: 2022-02-08 04:44:19
04:44:19 ----------------------------------------------------------
04:44:19 ----------------------------------------------------------
04:44:19 Parameters:
04:44:19     scale = 4
04:44:19     trainingPatches = 1024
04:44:19     downsample = False
04:44:19 ----------------------------------------------------------
04:44:19 Using model = models/model_4_t1024_e1000.h5
04:44:19 ----------------------------------------------------------
04:44:19 Time to load model and set up upscaling parameters = 0.115377
04:44:19 Processing file "testing/000087.png"...
04:44:19 Time to upscale to Bi-Cubic = 0.135482
04:45:05 
04:45:05 ============================================================
04:45:05 Project: CMPT819 SISR - Predict
04:45:05  Author: Andrew Kostiuk
04:45:05    Date: 2022-02-08 04:45:05
04:45:05 ----------------------------------------------------------
04:45:05 ----------------------------------------------------------
04:45:05 Parameters:
04:45:05     scale = 4
04:45:05     trainingPatches = 1024
04:45:05     downsample = False
04:45:05 ----------------------------------------------------------
04:45:05 Using model = models/model_4_t1024_e1000.h5
04:45:05 ----------------------------------------------------------
04:45:05 Time to load model and set up upscaling parameters = 0.127912
04:45:05 Processing file "testing/000087.png"...
04:45:05 Time to upscale to Bi-Cubic = 0.151758
04:45:08 Time to upscale using CNN = 2.500167
04:45:10 Total Time = 5.028576
04:45:10 ============================================================
04:45:19 
04:45:19 ============================================================
04:45:19 Project: CMPT819 SISR - Predict
04:45:19  Author: Andrew Kostiuk
04:45:19    Date: 2022-02-08 04:45:19
04:45:19 ----------------------------------------------------------
04:45:19 ----------------------------------------------------------
04:45:19 Parameters:
04:45:19     scale = 4
04:45:19     trainingPatches = 1024
04:45:19     downsample = False
04:45:19 ----------------------------------------------------------
04:45:19 Using model = models/model_4_t1024_e1000.h5
04:45:19 ----------------------------------------------------------
04:45:19 Time to load model and set up upscaling parameters = 0.113178
04:45:19 Processing file "testing/000087.png"...
04:45:19 Time to upscale to Bi-Cubic = 0.122202
04:45:22 Time to upscale using CNN = 2.537425
04:45:24 Total Time = 4.878860
04:45:24 ============================================================
04:45:34 
04:45:34 ============================================================
04:45:34 Project: CMPT819 SISR - Predict
04:45:34  Author: Andrew Kostiuk
04:45:34    Date: 2022-02-08 04:45:34
04:45:34 ----------------------------------------------------------
04:45:34 ----------------------------------------------------------
04:45:34 Parameters:
04:45:34     scale = 4
04:45:34     trainingPatches = 1024
04:45:34     downsample = False
04:45:34 ----------------------------------------------------------
04:45:34 Using model = models/model_4_t1024_e1000.h5
04:45:35 ----------------------------------------------------------
04:45:35 Time to load model and set up upscaling parameters = 0.102888
04:45:35 Processing file "testing/000087.png"...
04:45:35 Time to upscale to Bi-Cubic = 0.156925
04:45:38 Time to upscale using CNN = 2.515019
04:45:40 Total Time = 4.835526
04:45:40 ============================================================
04:46:29 
04:46:29 ============================================================
04:46:29 Project: CMPT819 SISR - Predict
04:46:29  Author: Andrew Kostiuk
04:46:29    Date: 2022-02-08 04:46:29
04:46:29 ----------------------------------------------------------
04:46:29 ----------------------------------------------------------
04:46:29 Parameters:
04:46:29     scale = 4
04:46:29     trainingPatches = 1024
04:46:29     downsample = False
04:46:29 ----------------------------------------------------------
04:46:29 Using model = models/model_4_t1024_e1000.h5
04:46:29 ----------------------------------------------------------
04:46:29 Time to load model and set up upscaling parameters = 0.110770
04:46:29 Processing file "testing/000087.png"...
04:46:29 Time to upscale to Bi-Cubic = 0.137890
04:47:07 
04:47:07 ============================================================
04:47:07 Project: CMPT819 SISR - Predict
04:47:07  Author: Andrew Kostiuk
04:47:07    Date: 2022-02-08 04:47:07
04:47:07 ----------------------------------------------------------
04:47:07 ----------------------------------------------------------
04:47:07 Parameters:
04:47:07     scale = 4
04:47:07     trainingPatches = 1024
04:47:07     downsample = False
04:47:07 ----------------------------------------------------------
04:47:07 Using model = models/model_4_t1024_e1000.h5
04:47:08 ----------------------------------------------------------
04:47:08 Time to load model and set up upscaling parameters = 0.103449
04:47:08 Processing file "testing/000087.png"...
04:47:08 Time to upscale to Bi-Cubic = 0.148327
04:47:10 Time to upscale using CNN = 2.351694
04:47:12 Total Time = 4.724049
04:47:12 ============================================================
04:47:30 
04:47:30 ============================================================
04:47:30 Project: CMPT819 SISR - Predict
04:47:30  Author: Andrew Kostiuk
04:47:30    Date: 2022-02-08 04:47:30
04:47:30 ----------------------------------------------------------
04:47:30 ----------------------------------------------------------
04:47:30 Parameters:
04:47:30     scale = 4
04:47:30     trainingPatches = 1024
04:47:30     downsample = False
04:47:30 ----------------------------------------------------------
04:47:30 Using model = models/model_4_t1024_e1000.h5
04:47:30 ----------------------------------------------------------
04:47:30 Time to load model and set up upscaling parameters = 0.118573
04:47:30 Processing file "testing/000087.png"...
04:47:30 Time to upscale to Bi-Cubic = 0.139696
04:47:33 Time to upscale using CNN = 2.699218
04:47:36 Total Time = 5.095442
04:47:36 ============================================================
04:48:17 
04:48:17 ============================================================
04:48:17 Project: CMPT819 SISR - Predict
04:48:17  Author: Andrew Kostiuk
04:48:17    Date: 2022-02-08 04:48:17
04:48:17 ----------------------------------------------------------
04:48:17 ----------------------------------------------------------
04:48:17 Parameters:
04:48:17     scale = 4
04:48:17     trainingPatches = 1024
04:48:17     downsample = False
04:48:17 ----------------------------------------------------------
04:48:17 Using model = models/model_4_t1024_e1000.h5
04:48:17 ----------------------------------------------------------
04:48:17 Time to load model and set up upscaling parameters = 0.115057
04:48:17 Processing file "testing/000087.png"...
04:48:17 Time to upscale to Bi-Cubic = 0.148865
04:48:20 Time to upscale using CNN = 2.565240
04:48:22 Total Time = 5.180826
04:48:22 ============================================================
04:50:57 
04:50:57 ============================================================
04:50:57 Project: CMPT819 SISR - Predict
04:50:57  Author: Andrew Kostiuk
04:50:57    Date: 2022-02-08 04:50:57
04:50:57 ----------------------------------------------------------
04:50:57 ----------------------------------------------------------
04:50:57 Parameters:
04:50:57     scale = 4
04:50:57     trainingPatches = 1024
04:50:57     downsample = False
04:50:57 ----------------------------------------------------------
04:50:57 Using model = models/model_4_t1024_e1000.h5
04:50:57 ----------------------------------------------------------
04:50:57 Time to load model and set up upscaling parameters = 0.115736
04:50:57 Processing file "testing/000087.png"...
04:50:57 Time to upscale to Bi-Cubic = 0.146185
04:51:00 Time to upscale using CNN = 2.501730
04:51:03 Total Time = 5.106266
04:51:03 ============================================================
04:51:46 
04:51:46 ============================================================
04:51:46 Project: CMPT819 SISR - Predict
04:51:46  Author: Andrew Kostiuk
04:51:46    Date: 2022-02-08 04:51:46
04:51:46 ----------------------------------------------------------
04:51:46 ----------------------------------------------------------
04:51:46 Parameters:
04:51:46     scale = 4
04:51:46     trainingPatches = 1024
04:51:46     downsample = False
04:51:46 ----------------------------------------------------------
04:51:46 Using model = models/model_4_t1024_e1000.h5
04:51:46 ----------------------------------------------------------
04:51:46 Time to load model and set up upscaling parameters = 0.129596
04:51:46 Processing file "testing/000087.png"...
04:51:46 Time to upscale to Bi-Cubic = 0.152619
04:51:49 Time to upscale using CNN = 2.600756
04:51:51 Total Time = 5.245070
04:51:51 ============================================================
04:52:26 
04:52:26 ============================================================
04:52:26 Project: CMPT819 SISR - Predict
04:52:26  Author: Andrew Kostiuk
04:52:26    Date: 2022-02-08 04:52:26
04:52:26 ----------------------------------------------------------
04:52:26 ----------------------------------------------------------
04:52:26 Parameters:
04:52:26     scale = 4
04:52:26     trainingPatches = 1024
04:52:26     downsample = False
04:52:26 ----------------------------------------------------------
04:52:26 Using model = models/model_4_t1024_e1000.h5
04:52:26 ----------------------------------------------------------
04:52:26 Time to load model and set up upscaling parameters = 0.118299
04:52:26 Processing file "testing/000087.png"...
04:52:26 Time to upscale to Bi-Cubic = 0.160566
04:52:29 Time to upscale using CNN = 2.612452
04:52:31 Total Time = 5.226881
04:52:31 ============================================================
04:53:02 
04:53:02 ============================================================
04:53:02 Project: CMPT819 SISR - Predict
04:53:02  Author: Andrew Kostiuk
04:53:02    Date: 2022-02-08 04:53:02
04:53:02 ----------------------------------------------------------
04:53:02 ----------------------------------------------------------
04:53:02 Parameters:
04:53:02     scale = 4
04:53:02     trainingPatches = 1024
04:53:02     downsample = False
04:53:02 ----------------------------------------------------------
04:53:02 Using model = models/model_4_t1024_e1000.h5
04:53:02 ----------------------------------------------------------
04:53:02 Time to load model and set up upscaling parameters = 0.109023
04:53:02 Processing file "testing/000087.png"...
04:53:02 Time to upscale to Bi-Cubic = 0.124919
04:53:25 
04:53:25 ============================================================
04:53:25 Project: CMPT819 SISR - Predict
04:53:25  Author: Andrew Kostiuk
04:53:25    Date: 2022-02-08 04:53:25
04:53:25 ----------------------------------------------------------
04:53:25 ----------------------------------------------------------
04:53:25 Parameters:
04:53:25     scale = 4
04:53:25     trainingPatches = 1024
04:53:25     downsample = False
04:53:25 ----------------------------------------------------------
04:53:25 Using model = models/model_4_t1024_e1000.h5
04:53:25 ----------------------------------------------------------
04:53:25 Time to load model and set up upscaling parameters = 0.112673
04:53:25 Processing file "testing/000087.png"...
04:53:25 Time to upscale to Bi-Cubic = 0.157230
04:54:00 
04:54:00 ============================================================
04:54:00 Project: CMPT819 SISR - Predict
04:54:00  Author: Andrew Kostiuk
04:54:00    Date: 2022-02-08 04:54:00
04:54:00 ----------------------------------------------------------
04:54:00 ----------------------------------------------------------
04:54:00 Parameters:
04:54:00     scale = 4
04:54:00     trainingPatches = 1024
04:54:00     downsample = False
04:54:00 ----------------------------------------------------------
04:54:00 Using model = models/model_4_t1024_e1000.h5
04:54:01 ----------------------------------------------------------
04:54:01 Time to load model and set up upscaling parameters = 0.117967
04:54:01 Processing file "testing/000087.png"...
04:54:01 Time to upscale to Bi-Cubic = 0.156251
04:54:04 Time to upscale using CNN = 2.643253
04:54:06 Total Time = 5.397596
04:54:06 ============================================================
04:55:02 
04:55:02 ============================================================
04:55:02 Project: CMPT819 SISR - Predict
04:55:02  Author: Andrew Kostiuk
04:55:02    Date: 2022-02-08 04:55:02
04:55:02 ----------------------------------------------------------
04:55:02 ----------------------------------------------------------
04:55:02 Parameters:
04:55:02     scale = 4
04:55:02     trainingPatches = 1024
04:55:02     downsample = False
04:55:02 ----------------------------------------------------------
04:55:02 Using model = models/model_4_t1024_e1000.h5
04:55:02 ----------------------------------------------------------
04:55:02 Time to load model and set up upscaling parameters = 0.147906
04:55:02 Processing file "testing/000087.png"...
04:55:02 Time to upscale to Bi-Cubic = 0.150677
04:55:56 
04:55:56 ============================================================
04:55:56 Project: CMPT819 SISR - Predict
04:55:56  Author: Andrew Kostiuk
04:55:56    Date: 2022-02-08 04:55:56
04:55:56 ----------------------------------------------------------
04:55:56 ----------------------------------------------------------
04:55:56 Parameters:
04:55:56     scale = 4
04:55:56     trainingPatches = 1024
04:55:56     downsample = False
04:55:56 ----------------------------------------------------------
04:55:56 Using model = models/model_4_t1024_e1000.h5
04:55:56 ----------------------------------------------------------
04:55:56 Time to load model and set up upscaling parameters = 0.113619
04:55:56 Processing file "testing/000087.png"...
04:55:56 Time to upscale to Bi-Cubic = 0.146763
04:55:59 Time to upscale using CNN = 2.504620
04:56:01 Total Time = 4.806256
04:56:01 ============================================================
04:56:10 
04:56:10 ============================================================
04:56:10 Project: CMPT819 SISR - Predict
04:56:10  Author: Andrew Kostiuk
04:56:10    Date: 2022-02-08 04:56:10
04:56:10 ----------------------------------------------------------
04:56:10 ----------------------------------------------------------
04:56:10 Parameters:
04:56:10     scale = 4
04:56:10     trainingPatches = 1024
04:56:10     downsample = False
04:56:10 ----------------------------------------------------------
04:56:10 Using model = models/model_4_t1024_e1000.h5
04:56:10 ----------------------------------------------------------
04:56:10 Time to load model and set up upscaling parameters = 0.121349
04:56:10 Processing file "testing/000087.png"...
04:56:11 Time to upscale to Bi-Cubic = 0.149209
04:56:13 Time to upscale using CNN = 2.609233
04:56:16 Total Time = 4.970764
04:56:16 ============================================================
04:56:45 
04:56:45 ============================================================
04:56:45 Project: CMPT819 SISR - Predict
04:56:45  Author: Andrew Kostiuk
04:56:45    Date: 2022-02-08 04:56:45
04:56:45 ----------------------------------------------------------
04:56:45 ----------------------------------------------------------
04:56:45 Parameters:
04:56:45     scale = 4
04:56:45     trainingPatches = 1024
04:56:45     downsample = False
04:56:45 ----------------------------------------------------------
04:56:45 Using model = models/model_4_t1024_e1000.h5
04:56:45 ----------------------------------------------------------
04:56:45 Time to load model and set up upscaling parameters = 0.115912
04:56:45 Processing file "testing/000087.png"...
04:56:45 Time to upscale to Bi-Cubic = 0.143142
04:57:15 
04:57:15 ============================================================
04:57:15 Project: CMPT819 SISR - Predict
04:57:15  Author: Andrew Kostiuk
04:57:15    Date: 2022-02-08 04:57:15
04:57:15 ----------------------------------------------------------
04:57:15 ----------------------------------------------------------
04:57:15 Parameters:
04:57:15     scale = 4
04:57:15     trainingPatches = 1024
04:57:15     downsample = False
04:57:15 ----------------------------------------------------------
04:57:15 Using model = models/model_4_t1024_e1000.h5
04:57:15 ----------------------------------------------------------
04:57:15 Time to load model and set up upscaling parameters = 0.115290
04:57:15 Processing file "testing/000087.png"...
04:57:15 Time to upscale to Bi-Cubic = 0.142698
04:57:18 Time to upscale using CNN = 2.493351
04:57:20 Total Time = 5.075946
04:57:20 ============================================================
04:58:30 
04:58:30 ============================================================
04:58:30 Project: CMPT819 SISR - Predict
04:58:30  Author: Andrew Kostiuk
04:58:30    Date: 2022-02-08 04:58:30
04:58:30 ----------------------------------------------------------
04:58:30 ----------------------------------------------------------
04:58:30 Parameters:
04:58:30     scale = 4
04:58:30     trainingPatches = 1024
04:58:30     downsample = False
04:58:30 ----------------------------------------------------------
04:58:30 Using model = models/model_4_t1024_e1000.h5
04:58:30 ----------------------------------------------------------
04:58:30 Time to load model and set up upscaling parameters = 0.123770
04:58:30 Processing file "testing/000087.png"...
04:58:30 Time to upscale to Bi-Cubic = 0.151283
04:58:54 
04:58:54 ============================================================
04:58:54 Project: CMPT819 SISR - Predict
04:58:54  Author: Andrew Kostiuk
04:58:54    Date: 2022-02-08 04:58:54
04:58:54 ----------------------------------------------------------
04:58:54 ----------------------------------------------------------
04:58:54 Parameters:
04:58:54     scale = 4
04:58:54     trainingPatches = 1024
04:58:54     downsample = False
04:58:54 ----------------------------------------------------------
04:58:54 Using model = models/model_4_t1024_e1000.h5
04:58:55 ----------------------------------------------------------
04:58:55 Time to load model and set up upscaling parameters = 0.114793
04:58:55 Processing file "testing/000087.png"...
04:58:55 Time to upscale to Bi-Cubic = 0.154062
04:59:06 
04:59:06 ============================================================
04:59:06 Project: CMPT819 SISR - Predict
04:59:06  Author: Andrew Kostiuk
04:59:06    Date: 2022-02-08 04:59:06
04:59:06 ----------------------------------------------------------
04:59:06 ----------------------------------------------------------
04:59:06 Parameters:
04:59:06     scale = 4
04:59:06     trainingPatches = 1024
04:59:06     downsample = False
04:59:06 ----------------------------------------------------------
04:59:06 Using model = models/model_4_t1024_e1000.h5
04:59:07 ----------------------------------------------------------
04:59:07 Time to load model and set up upscaling parameters = 0.114331
04:59:07 Processing file "testing/000087.png"...
04:59:07 Time to upscale to Bi-Cubic = 0.156578
04:59:21 
04:59:21 ============================================================
04:59:21 Project: CMPT819 SISR - Predict
04:59:21  Author: Andrew Kostiuk
04:59:21    Date: 2022-02-08 04:59:21
04:59:21 ----------------------------------------------------------
04:59:21 ----------------------------------------------------------
04:59:21 Parameters:
04:59:21     scale = 4
04:59:21     trainingPatches = 1024
04:59:21     downsample = False
04:59:21 ----------------------------------------------------------
04:59:21 Using model = models/model_4_t1024_e1000.h5
04:59:21 ----------------------------------------------------------
04:59:21 Time to load model and set up upscaling parameters = 0.119405
04:59:21 Processing file "testing/000087.png"...
04:59:21 Time to upscale to Bi-Cubic = 0.155520
04:59:24 Time to upscale using CNN = 2.826833
04:59:27 Total Time = 5.461211
04:59:27 ============================================================
05:00:18 
05:00:18 ============================================================
05:00:18 Project: CMPT819 SISR - Predict
05:00:18  Author: Andrew Kostiuk
05:00:18    Date: 2022-02-08 05:00:18
05:00:18 ----------------------------------------------------------
05:00:18 ----------------------------------------------------------
05:00:18 Parameters:
05:00:18     scale = 4
05:00:18     trainingPatches = 1024
05:00:18     downsample = False
05:00:18 ----------------------------------------------------------
05:00:18 Using model = models/model_4_t1024_e1000.h5
05:00:18 ----------------------------------------------------------
05:00:18 Time to load model and set up upscaling parameters = 0.121143
05:00:18 Processing file "testing/000087.png"...
05:00:18 Time to upscale to Bi-Cubic = 0.147673
05:00:21 Time to upscale using CNN = 2.493912
05:00:24 Total Time = 5.128379
05:00:24 ============================================================
05:02:12 
05:02:12 ============================================================
05:02:12 Project: CMPT819 SISR - Predict
05:02:12  Author: Andrew Kostiuk
05:02:12    Date: 2022-02-08 05:02:12
05:02:12 ----------------------------------------------------------
05:02:12 ----------------------------------------------------------
05:02:12 Parameters:
05:02:12     scale = 4
05:02:12     trainingPatches = 1024
05:02:12     downsample = False
05:02:12 ----------------------------------------------------------
05:02:12 Using model = models/model_4_t1024_e1000.h5
05:02:12 ----------------------------------------------------------
05:02:12 Time to load model and set up upscaling parameters = 0.123232
05:02:12 Processing file "testing/000087.png"...
05:02:12 Time to upscale to Bi-Cubic = 0.078355
05:02:15 Time to upscale using CNN = 2.644162
05:02:18 Total Time = 5.189831
05:02:18 ============================================================
05:02:54 
05:02:54 ============================================================
05:02:54 Project: CMPT819 SISR - Predict
05:02:54  Author: Andrew Kostiuk
05:02:54    Date: 2022-02-08 05:02:54
05:02:54 ----------------------------------------------------------
05:02:54 ----------------------------------------------------------
05:02:54 Parameters:
05:02:54     scale = 4
05:02:54     trainingPatches = 1024
05:02:54     downsample = False
05:02:54 ----------------------------------------------------------
05:02:54 Using model = models/model_4_t1024_e1000.h5
05:02:54 ----------------------------------------------------------
05:02:54 Time to load model and set up upscaling parameters = 0.115229
05:02:54 Processing file "testing/000087.png"...
05:02:55 Time to upscale to Bi-Cubic = 0.034504
05:02:58 Time to upscale using CNN = 2.676150
05:02:58 Total Time = 2.951341
05:02:58 ============================================================
05:03:13 
05:03:13 ============================================================
05:03:13 Project: CMPT819 SISR - Predict
05:03:13  Author: Andrew Kostiuk
05:03:13    Date: 2022-02-08 05:03:13
05:03:13 ----------------------------------------------------------
05:03:13 ----------------------------------------------------------
05:03:13 Parameters:
05:03:13     scale = 4
05:03:13     trainingPatches = 1024
05:03:13     downsample = False
05:03:13 ----------------------------------------------------------
05:03:13 Using model = models/model_4_t1024_e1000.h5
05:03:13 ----------------------------------------------------------
05:03:13 Time to load model and set up upscaling parameters = 0.128853
05:03:13 Processing file "testing/000087.png"...
05:03:13 Time to upscale to Bi-Cubic = 0.023539
05:03:16 Time to upscale using CNN = 2.457409
05:03:17 Total Time = 4.228086
05:03:17 ============================================================
05:05:27 
05:05:27 ============================================================
05:05:27 Project: CMPT819 SISR - Predict
05:05:27  Author: Andrew Kostiuk
05:05:27    Date: 2022-02-08 05:05:27
05:05:27 ----------------------------------------------------------
05:05:27 ----------------------------------------------------------
05:05:27 Parameters:
05:05:27     scale = 4
05:05:27     trainingPatches = 1024
05:05:27     downsample = False
05:05:27 ----------------------------------------------------------
05:05:27 Using model = models/model_4_t1024_e1000.h5
05:05:28 ----------------------------------------------------------
05:05:28 Time to load model and set up upscaling parameters = 0.114958
05:05:28 Processing file "testing/000087.png"...
05:05:28 Time to upscale to Bi-Cubic = 0.020437
05:05:30 Time to upscale using CNN = 2.133951
05:05:30 Total Time = 2.392170
05:05:30 ============================================================
05:06:02 
05:06:02 ============================================================
05:06:02 Project: CMPT819 SISR - Predict
05:06:02  Author: Andrew Kostiuk
05:06:02    Date: 2022-02-08 05:06:02
05:06:02 ----------------------------------------------------------
05:06:02 ----------------------------------------------------------
05:06:02 Parameters:
05:06:02     scale = 4
05:06:02     trainingPatches = 1024
05:06:02     downsample = False
05:06:02 ----------------------------------------------------------
05:06:02 Using model = models/model_4_t1024_e1000.h5
05:06:02 ----------------------------------------------------------
05:06:02 Time to load model and set up upscaling parameters = 0.116761
05:06:02 Processing file "testing/000087.png"...
05:06:02 Time to upscale to Bi-Cubic = 0.018390
05:06:04 Time to upscale using CNN = 2.170888
05:06:06 Total Time = 3.938395
05:06:06 ============================================================
05:06:30 
05:06:30 ============================================================
05:06:30 Project: CMPT819 SISR - Predict
05:06:30  Author: Andrew Kostiuk
05:06:30    Date: 2022-02-08 05:06:30
05:06:30 ----------------------------------------------------------
05:06:30 ----------------------------------------------------------
05:06:30 Parameters:
05:06:30     scale = 4
05:06:30     trainingPatches = 1024
05:06:30     downsample = False
05:06:30 ----------------------------------------------------------
05:06:30 Using model = models/model_4_t1024_e1000.h5
05:06:30 ----------------------------------------------------------
05:06:30 Time to load model and set up upscaling parameters = 0.122042
05:06:30 Processing file "testing/000087.png"...
05:06:30 Time to upscale to Bi-Cubic = 0.151886
05:06:33 Time to upscale using CNN = 2.059840
05:06:35 Total Time = 4.676652
05:06:35 ============================================================
05:07:47 
05:07:47 ============================================================
05:07:47 Project: CMPT819 SISR - Predict
05:07:47  Author: Andrew Kostiuk
05:07:47    Date: 2022-02-08 05:07:47
05:07:47 ----------------------------------------------------------
05:07:47 ----------------------------------------------------------
05:07:47 Parameters:
05:07:47     scale = 4
05:07:47     trainingPatches = 1024
05:07:47     downsample = False
05:07:47 ----------------------------------------------------------
05:07:47 Using model = models/model_4_t1024_e1000.h5
05:07:48 ----------------------------------------------------------
05:07:48 Time to load model and set up upscaling parameters = 0.114348
05:07:48 Processing file "testing/000087.png"...
05:07:48 Time to upscale to Bi-Cubic = 0.154330
05:07:50 Time to upscale using CNN = 2.142056
05:07:52 Total Time = 4.758960
05:07:52 ============================================================
05:10:18 
05:10:18 ============================================================
05:10:18 Project: CMPT819 SISR - Predict
05:10:18  Author: Andrew Kostiuk
05:10:18    Date: 2022-02-08 05:10:18
05:10:18 ----------------------------------------------------------
05:10:18 ----------------------------------------------------------
05:10:18 Parameters:
05:10:18     scale = 4
05:10:18     trainingPatches = 1024
05:10:18     downsample = False
05:10:18 ----------------------------------------------------------
05:10:18 Using model = models/model_4_t1024_e1000.h5
05:10:18 ----------------------------------------------------------
05:10:18 Time to load model and set up upscaling parameters = 0.118912
05:10:18 Processing file "testing/000087.png"...
05:10:18 Time to upscale to Bi-Cubic = 0.174925
05:10:21 Time to upscale using CNN = 2.113766
05:10:21 Total Time = 2.621375
05:10:21 ============================================================
05:10:45 
05:10:45 ============================================================
05:10:45 Project: CMPT819 SISR - Predict
05:10:45  Author: Andrew Kostiuk
05:10:45    Date: 2022-02-08 05:10:45
05:10:45 ----------------------------------------------------------
05:10:45 ----------------------------------------------------------
05:10:45 Parameters:
05:10:45     scale = 4
05:10:45     trainingPatches = 1024
05:10:45     downsample = False
05:10:45 ----------------------------------------------------------
05:10:45 Using model = models/model_4_t1024_e1000.h5
05:10:45 ----------------------------------------------------------
05:10:45 Time to load model and set up upscaling parameters = 0.109000
05:10:45 Processing file "testing/000087.png"...
05:10:45 Time to upscale to Bi-Cubic = 0.030098
05:10:48 Time to upscale using CNN = 2.098490
05:10:49 Total Time = 3.849210
05:10:49 ============================================================
05:13:17 
05:13:17 ============================================================
05:13:17 Project: CMPT819 SISR - Predict
05:13:17  Author: Andrew Kostiuk
05:13:17    Date: 2022-02-08 05:13:17
05:13:17 ----------------------------------------------------------
05:13:17 ----------------------------------------------------------
05:13:17 Parameters:
05:13:17     scale = 4
05:13:17     trainingPatches = 1024
05:13:17     downsample = False
05:13:17 ----------------------------------------------------------
05:13:17 Using model = models/model_4_t1024_e1000.h5
05:13:17 ----------------------------------------------------------
05:13:17 Time to load model and set up upscaling parameters = 0.116512
05:13:17 Processing file "testing/000087.png"...
05:13:17 Time to upscale to Bi-Cubic = 0.147143
05:13:19 Time to upscale using CNN = 2.031372
05:13:22 Total Time = 4.677901
05:13:22 ============================================================
05:14:31 
05:14:31 ============================================================
05:14:31 Project: CMPT819 SISR - Predict
05:14:31  Author: Andrew Kostiuk
05:14:31    Date: 2022-02-08 05:14:31
05:14:31 ----------------------------------------------------------
05:14:31 ----------------------------------------------------------
05:14:31 Parameters:
05:14:31     scale = 4
05:14:31     trainingPatches = 1024
05:14:31     downsample = False
05:14:31 ----------------------------------------------------------
05:14:31 Using model = models/model_4_t1024_e1000.h5
05:14:32 ----------------------------------------------------------
05:14:32 Time to load model and set up upscaling parameters = 0.113677
05:14:32 Processing file "testing/000087.png"...
05:14:32 Time to upscale to Bi-Cubic = 0.149390
05:14:34 Time to upscale using CNN = 2.085845
05:14:37 Total Time = 4.695196
05:14:37 ============================================================
05:16:49 
05:16:49 ============================================================
05:16:49 Project: CMPT819 SISR - Predict
05:16:49  Author: Andrew Kostiuk
05:16:49    Date: 2022-02-08 05:16:49
05:16:49 ----------------------------------------------------------
05:16:49 ----------------------------------------------------------
05:16:49 Parameters:
05:16:49     scale = 4
05:16:49     trainingPatches = 1024
05:16:49     downsample = False
05:16:49 ----------------------------------------------------------
05:16:49 Using model = models/model_4_t1024_e1000.h5
05:16:49 ----------------------------------------------------------
05:16:49 Time to load model and set up upscaling parameters = 0.123570
05:16:49 Processing file "testing/000087.png"...
05:16:49 Time to upscale to Bi-Cubic = 0.161308
05:16:52 Time to upscale using CNN = 2.171834
05:16:54 Total Time = 4.789555
05:16:54 ============================================================
05:18:17 
05:18:17 ============================================================
05:18:17 Project: CMPT819 SISR - Predict
05:18:17  Author: Andrew Kostiuk
05:18:17    Date: 2022-02-08 05:18:17
05:18:17 ----------------------------------------------------------
05:18:17 ----------------------------------------------------------
05:18:17 Parameters:
05:18:17     scale = 4
05:18:17     trainingPatches = 1024
05:18:17     downsample = False
05:18:17 ----------------------------------------------------------
05:18:17 Using model = models/model_4_t1024_e1000.h5
05:18:18 ----------------------------------------------------------
05:18:18 Time to load model and set up upscaling parameters = 0.160852
05:18:18 Processing file "testing/000087.png"...
05:18:18 Time to upscale to Bi-Cubic = 0.155209
