22:12:54 
22:12:54 ============================================================
22:12:54 Project: CMPT819 SISR - Predict
22:12:54  Author: Andrew Kostiuk
22:12:54    Date: 2022-02-26 22:12:54
22:12:54 ----------------------------------------------------------
22:12:54 ----------------------------------------------------------
22:12:55 Parameters:
22:12:55     scale = 4
22:12:55     trainingPatches = 1024
22:12:55     downsample = True
22:12:55 ----------------------------------------------------------
22:12:55 Using model = models/model_4_t1024_e1000.h5
22:12:55 ----------------------------------------------------------
22:12:55 Time to load model and set up upscaling parameters = 0.356184
22:13:40 
22:13:40 ============================================================
22:13:40 Project: CMPT819 SISR - Predict
22:13:40  Author: Andrew Kostiuk
22:13:40    Date: 2022-02-26 22:13:40
22:13:40 ----------------------------------------------------------
22:13:40 ----------------------------------------------------------
22:13:40 Parameters:
22:13:40     scale = 4
22:13:40     trainingPatches = 1024
22:13:40     downsample = False
22:13:40 ----------------------------------------------------------
22:13:40 Using model = models/model_4_t1024_e1000.h5
22:13:40 ----------------------------------------------------------
22:13:40 Time to load model and set up upscaling parameters = 0.328632
22:14:13 
22:14:13 ============================================================
22:14:13 Project: CMPT819 SISR - Predict
22:14:13  Author: Andrew Kostiuk
22:14:13    Date: 2022-02-26 22:14:13
22:14:13 ----------------------------------------------------------
22:14:13 ----------------------------------------------------------
22:14:13 Parameters:
22:14:13     scale = 4
22:14:13     trainingPatches = 1024
22:14:13     downsample = False
22:14:13 ----------------------------------------------------------
22:14:13 Using model = models/model_4_t1024_e1000.h5
22:14:13 ----------------------------------------------------------
22:14:13 Time to load model and set up upscaling parameters = 0.323005
22:14:54 
22:14:54 ============================================================
22:14:54 Project: CMPT819 SISR - Predict
22:14:54  Author: Andrew Kostiuk
22:14:54    Date: 2022-02-26 22:14:54
22:14:54 ----------------------------------------------------------
22:14:54 ----------------------------------------------------------
22:14:54 Parameters:
22:14:54     scale = 4
22:14:54     trainingPatches = 1024
22:14:54     downsample = False
22:14:54 ----------------------------------------------------------
22:14:54 Using model = models/model_4_t1024_e1000.h5
22:14:54 ----------------------------------------------------------
22:14:54 Time to load model and set up upscaling parameters = 0.308956
22:14:54 Processing file "testing/000087.png"...
22:15:41 
22:15:41 ============================================================
22:15:41 Project: CMPT819 SISR - Predict
22:15:41  Author: Andrew Kostiuk
22:15:41    Date: 2022-02-26 22:15:41
22:15:41 ----------------------------------------------------------
22:15:41 ----------------------------------------------------------
22:15:41 Parameters:
22:15:41     scale = 4
22:15:41     trainingPatches = 1024
22:15:41     downsample = False
22:15:41 ----------------------------------------------------------
22:15:41 Using model = models/model_4_t1024_e1000.h5
22:15:42 ----------------------------------------------------------
22:15:42 Time to load model and set up upscaling parameters = 0.311107
22:15:42 Processing file "testing/000087.png"...
22:15:42 Time to upscale to Bi-Cubic = 0.019508
22:15:45 Time to upscale using CNN = 3.160386
22:21:52 
22:21:52 ============================================================
22:21:52 Project: CMPT819 SISR - Predict
22:21:52  Author: Andrew Kostiuk
22:21:52    Date: 2022-02-26 22:21:52
22:21:52 ----------------------------------------------------------
22:21:52 ----------------------------------------------------------
22:21:52 Parameters:
22:21:52     scale = 4
22:21:52     trainingPatches = 1024
22:21:52     downsample = False
22:21:52 ----------------------------------------------------------
22:21:52 Using model = models/model_4_t1024_e1000.h5
22:21:52 ----------------------------------------------------------
22:21:52 Time to load model and set up upscaling parameters = 0.334995
22:21:52 Processing file "testing/000087.png"...
22:21:52 Time to upscale to Bi-Cubic = 0.016597
22:21:54 Time to upscale using CNN = 1.636149
